{"C:\\Users\\amber\\Projects\\witchyLookup\\src\\cli.js": {"path":"C:\\Users\\amber\\Projects\\witchyLookup\\src\\cli.js","statementMap":{"0":{"start":{"line":1,"column":17},"end":{"line":1,"column":36}},"1":{"start":{"line":2,"column":27},"end":{"line":2,"column":45}},"2":{"start":{"line":3,"column":29},"end":{"line":3,"column":59}},"3":{"start":{"line":7,"column":4},"end":{"line":11,"column":7}},"4":{"start":{"line":13,"column":4},"end":{"line":13,"column":30}},"5":{"start":{"line":18,"column":4},"end":{"line":22,"column":7}},"6":{"start":{"line":19,"column":6},"end":{"line":19,"column":22}},"7":{"start":{"line":20,"column":6},"end":{"line":20,"column":59}},"8":{"start":{"line":21,"column":6},"end":{"line":21,"column":22}},"9":{"start":{"line":25,"column":4},"end":{"line":27,"column":7}},"10":{"start":{"line":26,"column":6},"end":{"line":26,"column":39}},"11":{"start":{"line":30,"column":4},"end":{"line":34,"column":7}},"12":{"start":{"line":31,"column":6},"end":{"line":31,"column":22}},"13":{"start":{"line":32,"column":6},"end":{"line":32,"column":46}},"14":{"start":{"line":33,"column":6},"end":{"line":33,"column":22}},"15":{"start":{"line":38,"column":4},"end":{"line":41,"column":5}},"16":{"start":{"line":39,"column":6},"end":{"line":39,"column":23}},"17":{"start":{"line":40,"column":6},"end":{"line":40,"column":13}},"18":{"start":{"line":44,"column":4},"end":{"line":48,"column":5}},"19":{"start":{"line":45,"column":6},"end":{"line":45,"column":22}},"20":{"start":{"line":46,"column":6},"end":{"line":46,"column":23}},"21":{"start":{"line":47,"column":6},"end":{"line":47,"column":13}},"22":{"start":{"line":50,"column":4},"end":{"line":54,"column":5}},"23":{"start":{"line":51,"column":6},"end":{"line":51,"column":22}},"24":{"start":{"line":52,"column":6},"end":{"line":52,"column":46}},"25":{"start":{"line":53,"column":6},"end":{"line":53,"column":22}},"26":{"start":{"line":56,"column":4},"end":{"line":60,"column":5}},"27":{"start":{"line":57,"column":6},"end":{"line":57,"column":22}},"28":{"start":{"line":58,"column":6},"end":{"line":58,"column":23}},"29":{"start":{"line":59,"column":6},"end":{"line":59,"column":13}},"30":{"start":{"line":63,"column":17},"end":{"line":63,"column":61}},"31":{"start":{"line":63,"column":50},"end":{"line":63,"column":60}},"32":{"start":{"line":65,"column":4},"end":{"line":71,"column":5}},"33":{"start":{"line":66,"column":6},"end":{"line":66,"column":71}},"34":{"start":{"line":67,"column":6},"end":{"line":67,"column":47}},"35":{"start":{"line":68,"column":6},"end":{"line":68,"column":60}},"36":{"start":{"line":69,"column":6},"end":{"line":69,"column":23}},"37":{"start":{"line":70,"column":6},"end":{"line":70,"column":13}},"38":{"start":{"line":73,"column":4},"end":{"line":82,"column":5}},"39":{"start":{"line":75,"column":6},"end":{"line":75,"column":39}},"40":{"start":{"line":77,"column":6},"end":{"line":77,"column":47}},"41":{"start":{"line":78,"column":6},"end":{"line":80,"column":7}},"42":{"start":{"line":79,"column":8},"end":{"line":79,"column":33}},"43":{"start":{"line":81,"column":6},"end":{"line":81,"column":20}},"44":{"start":{"line":84,"column":4},"end":{"line":84,"column":21}},"45":{"start":{"line":88,"column":4},"end":{"line":88,"column":52}},"46":{"start":{"line":89,"column":4},"end":{"line":89,"column":25}},"47":{"start":{"line":93,"column":4},"end":{"line":95,"column":5}},"48":{"start":{"line":94,"column":6},"end":{"line":94,"column":47}},"49":{"start":{"line":96,"column":4},"end":{"line":96,"column":46}},"50":{"start":{"line":97,"column":4},"end":{"line":99,"column":6}},"51":{"start":{"line":100,"column":4},"end":{"line":102,"column":6}},"52":{"start":{"line":103,"column":4},"end":{"line":103,"column":72}},"53":{"start":{"line":104,"column":4},"end":{"line":104,"column":79}},"54":{"start":{"line":105,"column":4},"end":{"line":107,"column":6}},"55":{"start":{"line":108,"column":4},"end":{"line":110,"column":6}},"56":{"start":{"line":112,"column":4},"end":{"line":112,"column":39}},"57":{"start":{"line":113,"column":4},"end":{"line":113,"column":58}},"58":{"start":{"line":114,"column":4},"end":{"line":114,"column":75}},"59":{"start":{"line":116,"column":4},"end":{"line":116,"column":31}},"60":{"start":{"line":117,"column":4},"end":{"line":117,"column":35}},"61":{"start":{"line":118,"column":4},"end":{"line":118,"column":44}},"62":{"start":{"line":119,"column":4},"end":{"line":119,"column":32}},"63":{"start":{"line":120,"column":4},"end":{"line":120,"column":40}},"64":{"start":{"line":121,"column":4},"end":{"line":121,"column":31}},"65":{"start":{"line":122,"column":4},"end":{"line":122,"column":44}},"66":{"start":{"line":124,"column":4},"end":{"line":124,"column":37}},"67":{"start":{"line":125,"column":4},"end":{"line":125,"column":44}},"68":{"start":{"line":126,"column":4},"end":{"line":126,"column":46}},"69":{"start":{"line":127,"column":4},"end":{"line":127,"column":48}},"70":{"start":{"line":131,"column":4},"end":{"line":146,"column":5}},"71":{"start":{"line":133,"column":6},"end":{"line":133,"column":63}},"72":{"start":{"line":136,"column":6},"end":{"line":136,"column":22}},"73":{"start":{"line":137,"column":6},"end":{"line":137,"column":25}},"74":{"start":{"line":138,"column":6},"end":{"line":138,"column":23}},"75":{"start":{"line":141,"column":6},"end":{"line":141,"column":22}},"76":{"start":{"line":142,"column":6},"end":{"line":142,"column":73}},"77":{"start":{"line":143,"column":6},"end":{"line":143,"column":66}},"78":{"start":{"line":144,"column":6},"end":{"line":144,"column":25}},"79":{"start":{"line":145,"column":6},"end":{"line":145,"column":23}},"80":{"start":{"line":150,"column":0},"end":{"line":150,"column":36}}},"fnMap":{"0":{"name":"(anonymous_0)","decl":{"start":{"line":6,"column":2},"end":{"line":6,"column":3}},"loc":{"start":{"line":6,"column":16},"end":{"line":14,"column":3}},"line":6},"1":{"name":"(anonymous_1)","decl":{"start":{"line":16,"column":2},"end":{"line":16,"column":3}},"loc":{"start":{"line":16,"column":23},"end":{"line":35,"column":3}},"line":16},"2":{"name":"(anonymous_2)","decl":{"start":{"line":18,"column":25},"end":{"line":18,"column":26}},"loc":{"start":{"line":18,"column":31},"end":{"line":22,"column":5}},"line":18},"3":{"name":"(anonymous_3)","decl":{"start":{"line":25,"column":23},"end":{"line":25,"column":24}},"loc":{"start":{"line":25,"column":34},"end":{"line":27,"column":5}},"line":25},"4":{"name":"(anonymous_4)","decl":{"start":{"line":30,"column":24},"end":{"line":30,"column":25}},"loc":{"start":{"line":30,"column":30},"end":{"line":34,"column":5}},"line":30},"5":{"name":"(anonymous_5)","decl":{"start":{"line":37,"column":2},"end":{"line":37,"column":3}},"loc":{"start":{"line":37,"column":29},"end":{"line":85,"column":3}},"line":37},"6":{"name":"(anonymous_6)","decl":{"start":{"line":63,"column":41},"end":{"line":63,"column":42}},"loc":{"start":{"line":63,"column":50},"end":{"line":63,"column":60}},"line":63},"7":{"name":"(anonymous_7)","decl":{"start":{"line":87,"column":2},"end":{"line":87,"column":3}},"loc":{"start":{"line":87,"column":16},"end":{"line":90,"column":3}},"line":87},"8":{"name":"(anonymous_8)","decl":{"start":{"line":92,"column":2},"end":{"line":92,"column":3}},"loc":{"start":{"line":92,"column":29},"end":{"line":128,"column":3}},"line":92},"9":{"name":"(anonymous_9)","decl":{"start":{"line":130,"column":2},"end":{"line":130,"column":3}},"loc":{"start":{"line":130,"column":16},"end":{"line":147,"column":3}},"line":130}},"branchMap":{"0":{"loc":{"start":{"line":38,"column":4},"end":{"line":41,"column":5}},"type":"if","locations":[{"start":{"line":38,"column":4},"end":{"line":41,"column":5}},{"start":{},"end":{}}],"line":38},"1":{"loc":{"start":{"line":44,"column":4},"end":{"line":48,"column":5}},"type":"if","locations":[{"start":{"line":44,"column":4},"end":{"line":48,"column":5}},{"start":{},"end":{}}],"line":44},"2":{"loc":{"start":{"line":44,"column":8},"end":{"line":44,"column":41}},"type":"binary-expr","locations":[{"start":{"line":44,"column":8},"end":{"line":44,"column":24}},{"start":{"line":44,"column":28},"end":{"line":44,"column":41}}],"line":44},"3":{"loc":{"start":{"line":50,"column":4},"end":{"line":54,"column":5}},"type":"if","locations":[{"start":{"line":50,"column":4},"end":{"line":54,"column":5}},{"start":{},"end":{}}],"line":50},"4":{"loc":{"start":{"line":50,"column":8},"end":{"line":50,"column":44}},"type":"binary-expr","locations":[{"start":{"line":50,"column":8},"end":{"line":50,"column":24}},{"start":{"line":50,"column":28},"end":{"line":50,"column":44}}],"line":50},"5":{"loc":{"start":{"line":56,"column":4},"end":{"line":60,"column":5}},"type":"if","locations":[{"start":{"line":56,"column":4},"end":{"line":60,"column":5}},{"start":{},"end":{}}],"line":56},"6":{"loc":{"start":{"line":65,"column":4},"end":{"line":71,"column":5}},"type":"if","locations":[{"start":{"line":65,"column":4},"end":{"line":71,"column":5}},{"start":{},"end":{}}],"line":65},"7":{"loc":{"start":{"line":78,"column":6},"end":{"line":80,"column":7}},"type":"if","locations":[{"start":{"line":78,"column":6},"end":{"line":80,"column":7}},{"start":{},"end":{}}],"line":78},"8":{"loc":{"start":{"line":92,"column":11},"end":{"line":92,"column":27}},"type":"default-arg","locations":[{"start":{"line":92,"column":23},"end":{"line":92,"column":27}}],"line":92},"9":{"loc":{"start":{"line":93,"column":4},"end":{"line":95,"column":5}},"type":"if","locations":[{"start":{"line":93,"column":4},"end":{"line":95,"column":5}},{"start":{},"end":{}}],"line":93}},"s":{"0":0,"1":0,"2":0,"3":0,"4":0,"5":0,"6":0,"7":0,"8":0,"9":0,"10":0,"11":0,"12":0,"13":0,"14":0,"15":0,"16":0,"17":0,"18":0,"19":0,"20":0,"21":0,"22":0,"23":0,"24":0,"25":0,"26":0,"27":0,"28":0,"29":0,"30":0,"31":0,"32":0,"33":0,"34":0,"35":0,"36":0,"37":0,"38":0,"39":0,"40":0,"41":0,"42":0,"43":0,"44":0,"45":0,"46":0,"47":0,"48":0,"49":0,"50":0,"51":0,"52":0,"53":0,"54":0,"55":0,"56":0,"57":0,"58":0,"59":0,"60":0,"61":0,"62":0,"63":0,"64":0,"65":0,"66":0,"67":0,"68":0,"69":0,"70":0,"71":0,"72":0,"73":0,"74":0,"75":0,"76":0,"77":0,"78":0,"79":0,"80":0},"f":{"0":0,"1":0,"2":0,"3":0,"4":0,"5":0,"6":0,"7":0,"8":0,"9":0},"b":{"0":[0,0],"1":[0,0],"2":[0,0],"3":[0,0],"4":[0,0],"5":[0,0],"6":[0,0],"7":[0,0],"8":[0],"9":[0,0]}}
,"C:\\Users\\amber\\Projects\\witchyLookup\\src\\index.js": {"path":"C:\\Users\\amber\\Projects\\witchyLookup\\src\\index.js","statementMap":{"0":{"start":{"line":2,"column":35},"end":{"line":2,"column":59}},"1":{"start":{"line":3,"column":22},"end":{"line":3,"column":45}},"2":{"start":{"line":4,"column":26},"end":{"line":4,"column":49}},"3":{"start":{"line":5,"column":25},"end":{"line":5,"column":56}},"4":{"start":{"line":6,"column":30},"end":{"line":6,"column":66}},"5":{"start":{"line":7,"column":29},"end":{"line":7,"column":64}},"6":{"start":{"line":10,"column":43},"end":{"line":10,"column":68}},"7":{"start":{"line":14,"column":4},"end":{"line":14,"column":32}},"8":{"start":{"line":15,"column":49},"end":{"line":15,"column":75}},"9":{"start":{"line":19,"column":4},"end":{"line":19,"column":28}},"10":{"start":{"line":20,"column":50},"end":{"line":20,"column":76}},"11":{"start":{"line":21,"column":44},"end":{"line":21,"column":68}},"12":{"start":{"line":25,"column":2},"end":{"line":28,"column":3}},"13":{"start":{"line":26,"column":4},"end":{"line":26,"column":16}},"14":{"start":{"line":27,"column":4},"end":{"line":27,"column":11}},"15":{"start":{"line":30,"column":15},"end":{"line":30,"column":36}},"16":{"start":{"line":36,"column":2},"end":{"line":48,"column":3}},"17":{"start":{"line":38,"column":23},"end":{"line":38,"column":51}},"18":{"start":{"line":39,"column":4},"end":{"line":39,"column":67}},"19":{"start":{"line":42,"column":4},"end":{"line":42,"column":15}},"20":{"start":{"line":43,"column":4},"end":{"line":43,"column":18}},"21":{"start":{"line":44,"column":4},"end":{"line":44,"column":16}},"22":{"start":{"line":45,"column":4},"end":{"line":45,"column":14}},"23":{"start":{"line":46,"column":4},"end":{"line":46,"column":16}},"24":{"start":{"line":47,"column":4},"end":{"line":47,"column":14}},"25":{"start":{"line":51,"column":15},"end":{"line":51,"column":62}},"26":{"start":{"line":54,"column":2},"end":{"line":570,"column":3}},"27":{"start":{"line":55,"column":4},"end":{"line":137,"column":5}},"28":{"start":{"line":57,"column":25},"end":{"line":57,"column":48}},"29":{"start":{"line":58,"column":28},"end":{"line":58,"column":67}},"30":{"start":{"line":60,"column":6},"end":{"line":92,"column":7}},"31":{"start":{"line":61,"column":8},"end":{"line":68,"column":10}},"32":{"start":{"line":70,"column":8},"end":{"line":78,"column":11}},"33":{"start":{"line":71,"column":10},"end":{"line":71,"column":41}},"34":{"start":{"line":72,"column":10},"end":{"line":74,"column":11}},"35":{"start":{"line":73,"column":12},"end":{"line":73,"column":73}},"36":{"start":{"line":75,"column":33},"end":{"line":75,"column":74}},"37":{"start":{"line":76,"column":10},"end":{"line":76,"column":49}},"38":{"start":{"line":77,"column":10},"end":{"line":77,"column":26}},"39":{"start":{"line":80,"column":8},"end":{"line":82,"column":10}},"40":{"start":{"line":83,"column":8},"end":{"line":83,"column":73}},"41":{"start":{"line":84,"column":8},"end":{"line":84,"column":39}},"42":{"start":{"line":85,"column":8},"end":{"line":85,"column":33}},"43":{"start":{"line":86,"column":8},"end":{"line":86,"column":36}},"44":{"start":{"line":87,"column":8},"end":{"line":87,"column":39}},"45":{"start":{"line":88,"column":8},"end":{"line":88,"column":41}},"46":{"start":{"line":89,"column":8},"end":{"line":89,"column":38}},"47":{"start":{"line":90,"column":8},"end":{"line":90,"column":39}},"48":{"start":{"line":91,"column":8},"end":{"line":91,"column":22}},"49":{"start":{"line":95,"column":25},"end":{"line":95,"column":48}},"50":{"start":{"line":96,"column":24},"end":{"line":96,"column":63}},"51":{"start":{"line":98,"column":6},"end":{"line":136,"column":7}},"52":{"start":{"line":99,"column":8},"end":{"line":99,"column":46}},"53":{"start":{"line":101,"column":8},"end":{"line":103,"column":9}},"54":{"start":{"line":102,"column":10},"end":{"line":102,"column":76}},"55":{"start":{"line":104,"column":8},"end":{"line":104,"column":40}},"56":{"start":{"line":105,"column":8},"end":{"line":105,"column":51}},"57":{"start":{"line":107,"column":8},"end":{"line":107,"column":59}},"58":{"start":{"line":108,"column":8},"end":{"line":110,"column":10}},"59":{"start":{"line":113,"column":37},"end":{"line":113,"column":79}},"60":{"start":{"line":114,"column":8},"end":{"line":116,"column":9}},"61":{"start":{"line":115,"column":10},"end":{"line":115,"column":47}},"62":{"start":{"line":118,"column":28},"end":{"line":127,"column":22}},"63":{"start":{"line":121,"column":14},"end":{"line":125,"column":18}},"64":{"start":{"line":124,"column":18},"end":{"line":124,"column":70}},"65":{"start":{"line":129,"column":8},"end":{"line":134,"column":9}},"66":{"start":{"line":130,"column":10},"end":{"line":130,"column":54}},"67":{"start":{"line":131,"column":10},"end":{"line":133,"column":13}},"68":{"start":{"line":132,"column":12},"end":{"line":132,"column":45}},"69":{"start":{"line":135,"column":8},"end":{"line":135,"column":22}},"70":{"start":{"line":140,"column":9},"end":{"line":570,"column":3}},"71":{"start":{"line":141,"column":4},"end":{"line":233,"column":5}},"72":{"start":{"line":143,"column":25},"end":{"line":143,"column":48}},"73":{"start":{"line":144,"column":31},"end":{"line":147,"column":7}},"74":{"start":{"line":149,"column":6},"end":{"line":184,"column":7}},"75":{"start":{"line":150,"column":8},"end":{"line":157,"column":10}},"76":{"start":{"line":159,"column":8},"end":{"line":170,"column":11}},"77":{"start":{"line":160,"column":10},"end":{"line":160,"column":44}},"78":{"start":{"line":161,"column":10},"end":{"line":163,"column":11}},"79":{"start":{"line":162,"column":12},"end":{"line":162,"column":76}},"80":{"start":{"line":164,"column":40},"end":{"line":167,"column":11}},"81":{"start":{"line":168,"column":10},"end":{"line":168,"column":55}},"82":{"start":{"line":169,"column":10},"end":{"line":169,"column":26}},"83":{"start":{"line":172,"column":8},"end":{"line":174,"column":10}},"84":{"start":{"line":175,"column":8},"end":{"line":175,"column":75}},"85":{"start":{"line":176,"column":8},"end":{"line":176,"column":36}},"86":{"start":{"line":177,"column":8},"end":{"line":177,"column":39}},"87":{"start":{"line":178,"column":8},"end":{"line":178,"column":33}},"88":{"start":{"line":179,"column":8},"end":{"line":179,"column":38}},"89":{"start":{"line":180,"column":8},"end":{"line":180,"column":36}},"90":{"start":{"line":181,"column":8},"end":{"line":181,"column":38}},"91":{"start":{"line":182,"column":8},"end":{"line":182,"column":35}},"92":{"start":{"line":183,"column":8},"end":{"line":183,"column":22}},"93":{"start":{"line":187,"column":25},"end":{"line":187,"column":48}},"94":{"start":{"line":188,"column":27},"end":{"line":188,"column":72}},"95":{"start":{"line":190,"column":6},"end":{"line":232,"column":7}},"96":{"start":{"line":191,"column":8},"end":{"line":191,"column":49}},"97":{"start":{"line":193,"column":8},"end":{"line":195,"column":9}},"98":{"start":{"line":194,"column":10},"end":{"line":194,"column":79}},"99":{"start":{"line":196,"column":8},"end":{"line":196,"column":39}},"100":{"start":{"line":197,"column":8},"end":{"line":197,"column":55}},"101":{"start":{"line":199,"column":8},"end":{"line":199,"column":62}},"102":{"start":{"line":200,"column":8},"end":{"line":202,"column":10}},"103":{"start":{"line":205,"column":37},"end":{"line":209,"column":9}},"104":{"start":{"line":210,"column":8},"end":{"line":212,"column":9}},"105":{"start":{"line":211,"column":10},"end":{"line":211,"column":47}},"106":{"start":{"line":214,"column":28},"end":{"line":223,"column":22}},"107":{"start":{"line":217,"column":14},"end":{"line":221,"column":18}},"108":{"start":{"line":220,"column":18},"end":{"line":220,"column":70}},"109":{"start":{"line":225,"column":8},"end":{"line":230,"column":9}},"110":{"start":{"line":226,"column":10},"end":{"line":226,"column":54}},"111":{"start":{"line":227,"column":10},"end":{"line":229,"column":13}},"112":{"start":{"line":228,"column":12},"end":{"line":228,"column":48}},"113":{"start":{"line":231,"column":8},"end":{"line":231,"column":22}},"114":{"start":{"line":236,"column":9},"end":{"line":570,"column":3}},"115":{"start":{"line":237,"column":4},"end":{"line":313,"column":5}},"116":{"start":{"line":239,"column":25},"end":{"line":239,"column":48}},"117":{"start":{"line":240,"column":29},"end":{"line":240,"column":74}},"118":{"start":{"line":242,"column":6},"end":{"line":272,"column":7}},"119":{"start":{"line":243,"column":8},"end":{"line":250,"column":10}},"120":{"start":{"line":252,"column":8},"end":{"line":258,"column":11}},"121":{"start":{"line":253,"column":28},"end":{"line":253,"column":52}},"122":{"start":{"line":254,"column":10},"end":{"line":254,"column":61}},"123":{"start":{"line":255,"column":38},"end":{"line":255,"column":79}},"124":{"start":{"line":256,"column":10},"end":{"line":256,"column":54}},"125":{"start":{"line":257,"column":10},"end":{"line":257,"column":26}},"126":{"start":{"line":260,"column":8},"end":{"line":262,"column":10}},"127":{"start":{"line":263,"column":8},"end":{"line":263,"column":71}},"128":{"start":{"line":264,"column":8},"end":{"line":264,"column":33}},"129":{"start":{"line":265,"column":8},"end":{"line":265,"column":39}},"130":{"start":{"line":266,"column":8},"end":{"line":266,"column":36}},"131":{"start":{"line":267,"column":8},"end":{"line":267,"column":39}},"132":{"start":{"line":268,"column":8},"end":{"line":268,"column":41}},"133":{"start":{"line":269,"column":8},"end":{"line":269,"column":36}},"134":{"start":{"line":270,"column":8},"end":{"line":270,"column":34}},"135":{"start":{"line":271,"column":8},"end":{"line":271,"column":22}},"136":{"start":{"line":275,"column":25},"end":{"line":275,"column":48}},"137":{"start":{"line":276,"column":25},"end":{"line":276,"column":66}},"138":{"start":{"line":278,"column":6},"end":{"line":312,"column":7}},"139":{"start":{"line":279,"column":26},"end":{"line":279,"column":55}},"140":{"start":{"line":280,"column":8},"end":{"line":280,"column":66}},"141":{"start":{"line":281,"column":8},"end":{"line":281,"column":38}},"142":{"start":{"line":282,"column":8},"end":{"line":282,"column":51}},"143":{"start":{"line":284,"column":8},"end":{"line":284,"column":60}},"144":{"start":{"line":285,"column":8},"end":{"line":287,"column":10}},"145":{"start":{"line":290,"column":37},"end":{"line":294,"column":9}},"146":{"start":{"line":295,"column":8},"end":{"line":297,"column":9}},"147":{"start":{"line":296,"column":10},"end":{"line":296,"column":47}},"148":{"start":{"line":299,"column":28},"end":{"line":303,"column":22}},"149":{"start":{"line":301,"column":12},"end":{"line":301,"column":71}},"150":{"start":{"line":305,"column":8},"end":{"line":310,"column":9}},"151":{"start":{"line":306,"column":10},"end":{"line":306,"column":54}},"152":{"start":{"line":307,"column":10},"end":{"line":309,"column":13}},"153":{"start":{"line":308,"column":12},"end":{"line":308,"column":46}},"154":{"start":{"line":311,"column":8},"end":{"line":311,"column":22}},"155":{"start":{"line":316,"column":9},"end":{"line":570,"column":3}},"156":{"start":{"line":317,"column":4},"end":{"line":392,"column":5}},"157":{"start":{"line":319,"column":25},"end":{"line":319,"column":48}},"158":{"start":{"line":320,"column":33},"end":{"line":323,"column":7}},"159":{"start":{"line":325,"column":6},"end":{"line":355,"column":7}},"160":{"start":{"line":326,"column":8},"end":{"line":333,"column":10}},"161":{"start":{"line":335,"column":8},"end":{"line":341,"column":11}},"162":{"start":{"line":336,"column":24},"end":{"line":336,"column":54}},"163":{"start":{"line":337,"column":10},"end":{"line":337,"column":49}},"164":{"start":{"line":338,"column":37},"end":{"line":338,"column":77}},"165":{"start":{"line":339,"column":10},"end":{"line":339,"column":53}},"166":{"start":{"line":340,"column":10},"end":{"line":340,"column":26}},"167":{"start":{"line":343,"column":8},"end":{"line":345,"column":10}},"168":{"start":{"line":346,"column":8},"end":{"line":346,"column":73}},"169":{"start":{"line":347,"column":8},"end":{"line":347,"column":42}},"170":{"start":{"line":348,"column":8},"end":{"line":348,"column":38}},"171":{"start":{"line":349,"column":8},"end":{"line":349,"column":38}},"172":{"start":{"line":350,"column":8},"end":{"line":350,"column":39}},"173":{"start":{"line":351,"column":8},"end":{"line":351,"column":36}},"174":{"start":{"line":352,"column":8},"end":{"line":352,"column":39}},"175":{"start":{"line":353,"column":8},"end":{"line":353,"column":35}},"176":{"start":{"line":354,"column":8},"end":{"line":354,"column":22}},"177":{"start":{"line":358,"column":25},"end":{"line":358,"column":48}},"178":{"start":{"line":359,"column":29},"end":{"line":359,"column":72}},"179":{"start":{"line":361,"column":6},"end":{"line":391,"column":7}},"180":{"start":{"line":362,"column":22},"end":{"line":362,"column":61}},"181":{"start":{"line":363,"column":8},"end":{"line":363,"column":58}},"182":{"start":{"line":364,"column":8},"end":{"line":364,"column":37}},"183":{"start":{"line":365,"column":8},"end":{"line":365,"column":54}},"184":{"start":{"line":367,"column":8},"end":{"line":367,"column":65}},"185":{"start":{"line":368,"column":8},"end":{"line":370,"column":10}},"186":{"start":{"line":373,"column":37},"end":{"line":373,"column":79}},"187":{"start":{"line":374,"column":8},"end":{"line":376,"column":9}},"188":{"start":{"line":375,"column":10},"end":{"line":375,"column":47}},"189":{"start":{"line":378,"column":28},"end":{"line":382,"column":22}},"190":{"start":{"line":380,"column":12},"end":{"line":380,"column":72}},"191":{"start":{"line":384,"column":8},"end":{"line":389,"column":9}},"192":{"start":{"line":385,"column":10},"end":{"line":385,"column":54}},"193":{"start":{"line":386,"column":10},"end":{"line":388,"column":13}},"194":{"start":{"line":387,"column":12},"end":{"line":387,"column":47}},"195":{"start":{"line":390,"column":8},"end":{"line":390,"column":22}},"196":{"start":{"line":395,"column":9},"end":{"line":570,"column":3}},"197":{"start":{"line":396,"column":4},"end":{"line":473,"column":5}},"198":{"start":{"line":398,"column":25},"end":{"line":398,"column":48}},"199":{"start":{"line":399,"column":29},"end":{"line":399,"column":75}},"200":{"start":{"line":401,"column":6},"end":{"line":433,"column":7}},"201":{"start":{"line":402,"column":8},"end":{"line":409,"column":10}},"202":{"start":{"line":411,"column":8},"end":{"line":419,"column":11}},"203":{"start":{"line":412,"column":10},"end":{"line":412,"column":42}},"204":{"start":{"line":413,"column":40},"end":{"line":416,"column":11}},"205":{"start":{"line":417,"column":10},"end":{"line":417,"column":55}},"206":{"start":{"line":418,"column":10},"end":{"line":418,"column":26}},"207":{"start":{"line":421,"column":8},"end":{"line":423,"column":10}},"208":{"start":{"line":424,"column":8},"end":{"line":424,"column":73}},"209":{"start":{"line":425,"column":8},"end":{"line":425,"column":39}},"210":{"start":{"line":426,"column":8},"end":{"line":426,"column":39}},"211":{"start":{"line":427,"column":8},"end":{"line":427,"column":36}},"212":{"start":{"line":428,"column":8},"end":{"line":428,"column":37}},"213":{"start":{"line":429,"column":8},"end":{"line":429,"column":38}},"214":{"start":{"line":430,"column":8},"end":{"line":430,"column":35}},"215":{"start":{"line":431,"column":8},"end":{"line":431,"column":35}},"216":{"start":{"line":432,"column":8},"end":{"line":432,"column":22}},"217":{"start":{"line":436,"column":25},"end":{"line":436,"column":48}},"218":{"start":{"line":437,"column":25},"end":{"line":437,"column":66}},"219":{"start":{"line":439,"column":6},"end":{"line":472,"column":7}},"220":{"start":{"line":440,"column":8},"end":{"line":440,"column":47}},"221":{"start":{"line":441,"column":8},"end":{"line":441,"column":39}},"222":{"start":{"line":442,"column":8},"end":{"line":442,"column":53}},"223":{"start":{"line":444,"column":8},"end":{"line":444,"column":60}},"224":{"start":{"line":445,"column":8},"end":{"line":447,"column":10}},"225":{"start":{"line":450,"column":37},"end":{"line":454,"column":9}},"226":{"start":{"line":455,"column":8},"end":{"line":457,"column":9}},"227":{"start":{"line":456,"column":10},"end":{"line":456,"column":47}},"228":{"start":{"line":459,"column":28},"end":{"line":463,"column":22}},"229":{"start":{"line":461,"column":12},"end":{"line":461,"column":71}},"230":{"start":{"line":465,"column":8},"end":{"line":470,"column":9}},"231":{"start":{"line":466,"column":10},"end":{"line":466,"column":54}},"232":{"start":{"line":467,"column":10},"end":{"line":469,"column":13}},"233":{"start":{"line":468,"column":12},"end":{"line":468,"column":46}},"234":{"start":{"line":471,"column":8},"end":{"line":471,"column":22}},"235":{"start":{"line":476,"column":9},"end":{"line":570,"column":3}},"236":{"start":{"line":477,"column":4},"end":{"line":565,"column":5}},"237":{"start":{"line":479,"column":25},"end":{"line":479,"column":48}},"238":{"start":{"line":480,"column":27},"end":{"line":480,"column":67}},"239":{"start":{"line":482,"column":6},"end":{"line":518,"column":7}},"240":{"start":{"line":483,"column":8},"end":{"line":490,"column":10}},"241":{"start":{"line":492,"column":8},"end":{"line":506,"column":11}},"242":{"start":{"line":493,"column":10},"end":{"line":493,"column":40}},"243":{"start":{"line":494,"column":10},"end":{"line":496,"column":11}},"244":{"start":{"line":495,"column":12},"end":{"line":495,"column":55}},"245":{"start":{"line":497,"column":36},"end":{"line":497,"column":73}},"246":{"start":{"line":498,"column":10},"end":{"line":498,"column":60}},"247":{"start":{"line":499,"column":10},"end":{"line":501,"column":11}},"248":{"start":{"line":500,"column":12},"end":{"line":500,"column":55}},"249":{"start":{"line":502,"column":10},"end":{"line":504,"column":11}},"250":{"start":{"line":503,"column":12},"end":{"line":503,"column":56}},"251":{"start":{"line":505,"column":10},"end":{"line":505,"column":26}},"252":{"start":{"line":508,"column":8},"end":{"line":510,"column":10}},"253":{"start":{"line":511,"column":8},"end":{"line":511,"column":72}},"254":{"start":{"line":512,"column":8},"end":{"line":512,"column":36}},"255":{"start":{"line":513,"column":8},"end":{"line":513,"column":39}},"256":{"start":{"line":514,"column":8},"end":{"line":514,"column":36}},"257":{"start":{"line":515,"column":8},"end":{"line":515,"column":42}},"258":{"start":{"line":516,"column":8},"end":{"line":516,"column":33}},"259":{"start":{"line":517,"column":8},"end":{"line":517,"column":22}},"260":{"start":{"line":521,"column":25},"end":{"line":521,"column":48}},"261":{"start":{"line":522,"column":24},"end":{"line":522,"column":61}},"262":{"start":{"line":524,"column":6},"end":{"line":564,"column":7}},"263":{"start":{"line":525,"column":8},"end":{"line":538,"column":11}},"264":{"start":{"line":526,"column":10},"end":{"line":526,"column":42}},"265":{"start":{"line":527,"column":10},"end":{"line":529,"column":11}},"266":{"start":{"line":528,"column":12},"end":{"line":528,"column":54}},"267":{"start":{"line":530,"column":10},"end":{"line":530,"column":50}},"268":{"start":{"line":531,"column":10},"end":{"line":533,"column":11}},"269":{"start":{"line":532,"column":12},"end":{"line":532,"column":52}},"270":{"start":{"line":534,"column":10},"end":{"line":536,"column":11}},"271":{"start":{"line":535,"column":12},"end":{"line":535,"column":53}},"272":{"start":{"line":537,"column":10},"end":{"line":537,"column":26}},"273":{"start":{"line":540,"column":8},"end":{"line":540,"column":58}},"274":{"start":{"line":541,"column":8},"end":{"line":543,"column":10}},"275":{"start":{"line":546,"column":37},"end":{"line":546,"column":78}},"276":{"start":{"line":547,"column":8},"end":{"line":549,"column":9}},"277":{"start":{"line":548,"column":10},"end":{"line":548,"column":47}},"278":{"start":{"line":551,"column":28},"end":{"line":555,"column":22}},"279":{"start":{"line":553,"column":12},"end":{"line":553,"column":69}},"280":{"start":{"line":557,"column":8},"end":{"line":562,"column":9}},"281":{"start":{"line":558,"column":10},"end":{"line":558,"column":54}},"282":{"start":{"line":559,"column":10},"end":{"line":561,"column":13}},"283":{"start":{"line":560,"column":12},"end":{"line":560,"column":44}},"284":{"start":{"line":563,"column":8},"end":{"line":563,"column":22}},"285":{"start":{"line":567,"column":4},"end":{"line":567,"column":47}},"286":{"start":{"line":568,"column":4},"end":{"line":568,"column":77}},"287":{"start":{"line":569,"column":4},"end":{"line":569,"column":16}},"288":{"start":{"line":575,"column":19},"end":{"line":575,"column":38}},"289":{"start":{"line":577,"column":2},"end":{"line":577,"column":57}},"290":{"start":{"line":578,"column":2},"end":{"line":578,"column":14}},"291":{"start":{"line":579,"column":2},"end":{"line":581,"column":4}},"292":{"start":{"line":582,"column":2},"end":{"line":582,"column":51}},"293":{"start":{"line":583,"column":2},"end":{"line":583,"column":53}},"294":{"start":{"line":585,"column":13},"end":{"line":589,"column":4}},"295":{"start":{"line":591,"column":2},"end":{"line":591,"column":14}},"296":{"start":{"line":593,"column":2},"end":{"line":636,"column":5}},"297":{"start":{"line":594,"column":18},"end":{"line":594,"column":29}},"298":{"start":{"line":596,"column":4},"end":{"line":599,"column":5}},"299":{"start":{"line":597,"column":6},"end":{"line":597,"column":18}},"300":{"start":{"line":598,"column":6},"end":{"line":598,"column":13}},"301":{"start":{"line":601,"column":23},"end":{"line":601,"column":42}},"302":{"start":{"line":603,"column":4},"end":{"line":610,"column":5}},"303":{"start":{"line":604,"column":6},"end":{"line":606,"column":8}},"304":{"start":{"line":607,"column":6},"end":{"line":607,"column":17}},"305":{"start":{"line":608,"column":6},"end":{"line":608,"column":22}},"306":{"start":{"line":609,"column":6},"end":{"line":609,"column":13}},"307":{"start":{"line":612,"column":4},"end":{"line":618,"column":5}},"308":{"start":{"line":613,"column":6},"end":{"line":613,"column":20}},"309":{"start":{"line":614,"column":6},"end":{"line":614,"column":18}},"310":{"start":{"line":615,"column":6},"end":{"line":615,"column":20}},"311":{"start":{"line":616,"column":6},"end":{"line":616,"column":18}},"312":{"start":{"line":617,"column":6},"end":{"line":617,"column":13}},"313":{"start":{"line":620,"column":17},"end":{"line":620,"column":35}},"314":{"start":{"line":623,"column":4},"end":{"line":623,"column":15}},"315":{"start":{"line":625,"column":4},"end":{"line":631,"column":5}},"316":{"start":{"line":626,"column":6},"end":{"line":626,"column":39}},"317":{"start":{"line":627,"column":6},"end":{"line":627,"column":20}},"318":{"start":{"line":629,"column":6},"end":{"line":629,"column":47}},"319":{"start":{"line":630,"column":6},"end":{"line":630,"column":20}},"320":{"start":{"line":634,"column":4},"end":{"line":634,"column":16}},"321":{"start":{"line":635,"column":4},"end":{"line":635,"column":16}},"322":{"start":{"line":638,"column":2},"end":{"line":641,"column":5}},"323":{"start":{"line":639,"column":4},"end":{"line":639,"column":39}},"324":{"start":{"line":640,"column":4},"end":{"line":640,"column":20}},"325":{"start":{"line":646,"column":15},"end":{"line":646,"column":36}},"326":{"start":{"line":648,"column":2},"end":{"line":652,"column":3}},"327":{"start":{"line":650,"column":4},"end":{"line":650,"column":28}},"328":{"start":{"line":651,"column":4},"end":{"line":651,"column":11}},"329":{"start":{"line":655,"column":2},"end":{"line":655,"column":35}},"330":{"start":{"line":658,"column":0},"end":{"line":658,"column":42}},"331":{"start":{"line":661,"column":0},"end":{"line":666,"column":1}},"332":{"start":{"line":662,"column":2},"end":{"line":665,"column":5}},"333":{"start":{"line":663,"column":4},"end":{"line":663,"column":45}},"334":{"start":{"line":664,"column":4},"end":{"line":664,"column":20}}},"fnMap":{"0":{"name":"processCommand","decl":{"start":{"line":24,"column":15},"end":{"line":24,"column":29}},"loc":{"start":{"line":24,"column":59},"end":{"line":571,"column":1}},"line":24},"1":{"name":"(anonymous_1)","decl":{"start":{"line":70,"column":30},"end":{"line":70,"column":31}},"loc":{"start":{"line":70,"column":40},"end":{"line":78,"column":9}},"line":70},"2":{"name":"(anonymous_2)","decl":{"start":{"line":120,"column":12},"end":{"line":120,"column":13}},"loc":{"start":{"line":121,"column":14},"end":{"line":125,"column":18}},"line":121},"3":{"name":"(anonymous_3)","decl":{"start":{"line":123,"column":37},"end":{"line":123,"column":38}},"loc":{"start":{"line":124,"column":18},"end":{"line":124,"column":70}},"line":124},"4":{"name":"(anonymous_4)","decl":{"start":{"line":131,"column":30},"end":{"line":131,"column":31}},"loc":{"start":{"line":131,"column":40},"end":{"line":133,"column":11}},"line":131},"5":{"name":"(anonymous_5)","decl":{"start":{"line":159,"column":33},"end":{"line":159,"column":34}},"loc":{"start":{"line":159,"column":46},"end":{"line":170,"column":9}},"line":159},"6":{"name":"(anonymous_6)","decl":{"start":{"line":216,"column":12},"end":{"line":216,"column":13}},"loc":{"start":{"line":217,"column":14},"end":{"line":221,"column":18}},"line":217},"7":{"name":"(anonymous_7)","decl":{"start":{"line":219,"column":40},"end":{"line":219,"column":41}},"loc":{"start":{"line":220,"column":18},"end":{"line":220,"column":70}},"line":220},"8":{"name":"(anonymous_8)","decl":{"start":{"line":227,"column":30},"end":{"line":227,"column":31}},"loc":{"start":{"line":227,"column":43},"end":{"line":229,"column":11}},"line":227},"9":{"name":"(anonymous_9)","decl":{"start":{"line":252,"column":31},"end":{"line":252,"column":32}},"loc":{"start":{"line":252,"column":42},"end":{"line":258,"column":9}},"line":252},"10":{"name":"(anonymous_10)","decl":{"start":{"line":300,"column":18},"end":{"line":300,"column":19}},"loc":{"start":{"line":301,"column":12},"end":{"line":301,"column":71}},"line":301},"11":{"name":"(anonymous_11)","decl":{"start":{"line":307,"column":30},"end":{"line":307,"column":31}},"loc":{"start":{"line":307,"column":41},"end":{"line":309,"column":11}},"line":307},"12":{"name":"(anonymous_12)","decl":{"start":{"line":335,"column":35},"end":{"line":335,"column":36}},"loc":{"start":{"line":335,"column":46},"end":{"line":341,"column":9}},"line":335},"13":{"name":"(anonymous_13)","decl":{"start":{"line":379,"column":18},"end":{"line":379,"column":19}},"loc":{"start":{"line":380,"column":12},"end":{"line":380,"column":72}},"line":380},"14":{"name":"(anonymous_14)","decl":{"start":{"line":386,"column":30},"end":{"line":386,"column":31}},"loc":{"start":{"line":386,"column":41},"end":{"line":388,"column":11}},"line":386},"15":{"name":"(anonymous_15)","decl":{"start":{"line":411,"column":31},"end":{"line":411,"column":32}},"loc":{"start":{"line":411,"column":42},"end":{"line":419,"column":9}},"line":411},"16":{"name":"(anonymous_16)","decl":{"start":{"line":460,"column":18},"end":{"line":460,"column":19}},"loc":{"start":{"line":461,"column":12},"end":{"line":461,"column":71}},"line":461},"17":{"name":"(anonymous_17)","decl":{"start":{"line":467,"column":30},"end":{"line":467,"column":31}},"loc":{"start":{"line":467,"column":41},"end":{"line":469,"column":11}},"line":467},"18":{"name":"(anonymous_18)","decl":{"start":{"line":492,"column":29},"end":{"line":492,"column":30}},"loc":{"start":{"line":492,"column":38},"end":{"line":506,"column":9}},"line":492},"19":{"name":"(anonymous_19)","decl":{"start":{"line":525,"column":26},"end":{"line":525,"column":27}},"loc":{"start":{"line":525,"column":35},"end":{"line":538,"column":9}},"line":525},"20":{"name":"(anonymous_20)","decl":{"start":{"line":552,"column":18},"end":{"line":552,"column":19}},"loc":{"start":{"line":553,"column":12},"end":{"line":553,"column":69}},"line":553},"21":{"name":"(anonymous_21)","decl":{"start":{"line":559,"column":30},"end":{"line":559,"column":31}},"loc":{"start":{"line":559,"column":39},"end":{"line":561,"column":11}},"line":559},"22":{"name":"interactiveMode","decl":{"start":{"line":574,"column":15},"end":{"line":574,"column":30}},"loc":{"start":{"line":574,"column":33},"end":{"line":642,"column":1}},"line":574},"23":{"name":"(anonymous_23)","decl":{"start":{"line":593,"column":16},"end":{"line":593,"column":17}},"loc":{"start":{"line":593,"column":32},"end":{"line":636,"column":3}},"line":593},"24":{"name":"(anonymous_24)","decl":{"start":{"line":638,"column":17},"end":{"line":638,"column":18}},"loc":{"start":{"line":638,"column":23},"end":{"line":641,"column":3}},"line":638},"25":{"name":"main","decl":{"start":{"line":645,"column":15},"end":{"line":645,"column":19}},"loc":{"start":{"line":645,"column":22},"end":{"line":656,"column":1}},"line":645},"26":{"name":"(anonymous_26)","decl":{"start":{"line":662,"column":15},"end":{"line":662,"column":16}},"loc":{"start":{"line":662,"column":26},"end":{"line":665,"column":3}},"line":662}},"branchMap":{"0":{"loc":{"start":{"line":24,"column":36},"end":{"line":24,"column":57}},"type":"default-arg","locations":[{"start":{"line":24,"column":52},"end":{"line":24,"column":57}}],"line":24},"1":{"loc":{"start":{"line":25,"column":2},"end":{"line":28,"column":3}},"type":"if","locations":[{"start":{"line":25,"column":2},"end":{"line":28,"column":3}},{"start":{},"end":{}}],"line":25},"2":{"loc":{"start":{"line":36,"column":2},"end":{"line":48,"column":3}},"type":"if","locations":[{"start":{"line":36,"column":2},"end":{"line":48,"column":3}},{"start":{"line":40,"column":9},"end":{"line":48,"column":3}}],"line":36},"3":{"loc":{"start":{"line":54,"column":2},"end":{"line":570,"column":3}},"type":"if","locations":[{"start":{"line":54,"column":2},"end":{"line":570,"column":3}},{"start":{"line":140,"column":9},"end":{"line":570,"column":3}}],"line":54},"4":{"loc":{"start":{"line":55,"column":4},"end":{"line":137,"column":5}},"type":"if","locations":[{"start":{"line":55,"column":4},"end":{"line":137,"column":5}},{"start":{"line":93,"column":11},"end":{"line":137,"column":5}}],"line":55},"5":{"loc":{"start":{"line":55,"column":8},"end":{"line":55,"column":59}},"type":"binary-expr","locations":[{"start":{"line":55,"column":8},"end":{"line":55,"column":24}},{"start":{"line":55,"column":28},"end":{"line":55,"column":59}}],"line":55},"6":{"loc":{"start":{"line":60,"column":6},"end":{"line":92,"column":7}},"type":"if","locations":[{"start":{"line":60,"column":6},"end":{"line":92,"column":7}},{"start":{"line":79,"column":13},"end":{"line":92,"column":7}}],"line":60},"7":{"loc":{"start":{"line":72,"column":10},"end":{"line":74,"column":11}},"type":"if","locations":[{"start":{"line":72,"column":10},"end":{"line":74,"column":11}},{"start":{},"end":{}}],"line":72},"8":{"loc":{"start":{"line":72,"column":14},"end":{"line":72,"column":59}},"type":"binary-expr","locations":[{"start":{"line":72,"column":14},"end":{"line":72,"column":29}},{"start":{"line":72,"column":33},"end":{"line":72,"column":59}}],"line":72},"9":{"loc":{"start":{"line":98,"column":6},"end":{"line":136,"column":7}},"type":"if","locations":[{"start":{"line":98,"column":6},"end":{"line":136,"column":7}},{"start":{"line":106,"column":13},"end":{"line":136,"column":7}}],"line":98},"10":{"loc":{"start":{"line":101,"column":8},"end":{"line":103,"column":9}},"type":"if","locations":[{"start":{"line":101,"column":8},"end":{"line":103,"column":9}},{"start":{},"end":{}}],"line":101},"11":{"loc":{"start":{"line":101,"column":12},"end":{"line":101,"column":67}},"type":"binary-expr","locations":[{"start":{"line":101,"column":12},"end":{"line":101,"column":32}},{"start":{"line":101,"column":36},"end":{"line":101,"column":67}}],"line":101},"12":{"loc":{"start":{"line":114,"column":8},"end":{"line":116,"column":9}},"type":"if","locations":[{"start":{"line":114,"column":8},"end":{"line":116,"column":9}},{"start":{},"end":{}}],"line":114},"13":{"loc":{"start":{"line":121,"column":14},"end":{"line":125,"column":18}},"type":"binary-expr","locations":[{"start":{"line":121,"column":14},"end":{"line":121,"column":72}},{"start":{"line":122,"column":15},"end":{"line":122,"column":30}},{"start":{"line":123,"column":16},"end":{"line":125,"column":17}}],"line":121},"14":{"loc":{"start":{"line":129,"column":8},"end":{"line":134,"column":9}},"type":"if","locations":[{"start":{"line":129,"column":8},"end":{"line":134,"column":9}},{"start":{},"end":{}}],"line":129},"15":{"loc":{"start":{"line":140,"column":9},"end":{"line":570,"column":3}},"type":"if","locations":[{"start":{"line":140,"column":9},"end":{"line":570,"column":3}},{"start":{"line":236,"column":9},"end":{"line":570,"column":3}}],"line":140},"16":{"loc":{"start":{"line":141,"column":4},"end":{"line":233,"column":5}},"type":"if","locations":[{"start":{"line":141,"column":4},"end":{"line":233,"column":5}},{"start":{"line":185,"column":11},"end":{"line":233,"column":5}}],"line":141},"17":{"loc":{"start":{"line":141,"column":8},"end":{"line":141,"column":59}},"type":"binary-expr","locations":[{"start":{"line":141,"column":8},"end":{"line":141,"column":24}},{"start":{"line":141,"column":28},"end":{"line":141,"column":59}}],"line":141},"18":{"loc":{"start":{"line":149,"column":6},"end":{"line":184,"column":7}},"type":"if","locations":[{"start":{"line":149,"column":6},"end":{"line":184,"column":7}},{"start":{"line":171,"column":13},"end":{"line":184,"column":7}}],"line":149},"19":{"loc":{"start":{"line":161,"column":10},"end":{"line":163,"column":11}},"type":"if","locations":[{"start":{"line":161,"column":10},"end":{"line":163,"column":11}},{"start":{},"end":{}}],"line":161},"20":{"loc":{"start":{"line":161,"column":14},"end":{"line":161,"column":65}},"type":"binary-expr","locations":[{"start":{"line":161,"column":14},"end":{"line":161,"column":32}},{"start":{"line":161,"column":36},"end":{"line":161,"column":65}}],"line":161},"21":{"loc":{"start":{"line":190,"column":6},"end":{"line":232,"column":7}},"type":"if","locations":[{"start":{"line":190,"column":6},"end":{"line":232,"column":7}},{"start":{"line":198,"column":13},"end":{"line":232,"column":7}}],"line":190},"22":{"loc":{"start":{"line":193,"column":8},"end":{"line":195,"column":9}},"type":"if","locations":[{"start":{"line":193,"column":8},"end":{"line":195,"column":9}},{"start":{},"end":{}}],"line":193},"23":{"loc":{"start":{"line":193,"column":12},"end":{"line":193,"column":73}},"type":"binary-expr","locations":[{"start":{"line":193,"column":12},"end":{"line":193,"column":35}},{"start":{"line":193,"column":39},"end":{"line":193,"column":73}}],"line":193},"24":{"loc":{"start":{"line":210,"column":8},"end":{"line":212,"column":9}},"type":"if","locations":[{"start":{"line":210,"column":8},"end":{"line":212,"column":9}},{"start":{},"end":{}}],"line":210},"25":{"loc":{"start":{"line":217,"column":14},"end":{"line":221,"column":18}},"type":"binary-expr","locations":[{"start":{"line":217,"column":14},"end":{"line":217,"column":75}},{"start":{"line":218,"column":15},"end":{"line":218,"column":33}},{"start":{"line":219,"column":16},"end":{"line":221,"column":17}}],"line":217},"26":{"loc":{"start":{"line":225,"column":8},"end":{"line":230,"column":9}},"type":"if","locations":[{"start":{"line":225,"column":8},"end":{"line":230,"column":9}},{"start":{},"end":{}}],"line":225},"27":{"loc":{"start":{"line":236,"column":9},"end":{"line":570,"column":3}},"type":"if","locations":[{"start":{"line":236,"column":9},"end":{"line":570,"column":3}},{"start":{"line":316,"column":9},"end":{"line":570,"column":3}}],"line":236},"28":{"loc":{"start":{"line":237,"column":4},"end":{"line":313,"column":5}},"type":"if","locations":[{"start":{"line":237,"column":4},"end":{"line":313,"column":5}},{"start":{"line":273,"column":11},"end":{"line":313,"column":5}}],"line":237},"29":{"loc":{"start":{"line":237,"column":8},"end":{"line":237,"column":59}},"type":"binary-expr","locations":[{"start":{"line":237,"column":8},"end":{"line":237,"column":24}},{"start":{"line":237,"column":28},"end":{"line":237,"column":59}}],"line":237},"30":{"loc":{"start":{"line":242,"column":6},"end":{"line":272,"column":7}},"type":"if","locations":[{"start":{"line":242,"column":6},"end":{"line":272,"column":7}},{"start":{"line":259,"column":13},"end":{"line":272,"column":7}}],"line":242},"31":{"loc":{"start":{"line":278,"column":6},"end":{"line":312,"column":7}},"type":"if","locations":[{"start":{"line":278,"column":6},"end":{"line":312,"column":7}},{"start":{"line":283,"column":13},"end":{"line":312,"column":7}}],"line":278},"32":{"loc":{"start":{"line":295,"column":8},"end":{"line":297,"column":9}},"type":"if","locations":[{"start":{"line":295,"column":8},"end":{"line":297,"column":9}},{"start":{},"end":{}}],"line":295},"33":{"loc":{"start":{"line":305,"column":8},"end":{"line":310,"column":9}},"type":"if","locations":[{"start":{"line":305,"column":8},"end":{"line":310,"column":9}},{"start":{},"end":{}}],"line":305},"34":{"loc":{"start":{"line":316,"column":9},"end":{"line":570,"column":3}},"type":"if","locations":[{"start":{"line":316,"column":9},"end":{"line":570,"column":3}},{"start":{"line":395,"column":9},"end":{"line":570,"column":3}}],"line":316},"35":{"loc":{"start":{"line":317,"column":4},"end":{"line":392,"column":5}},"type":"if","locations":[{"start":{"line":317,"column":4},"end":{"line":392,"column":5}},{"start":{"line":356,"column":11},"end":{"line":392,"column":5}}],"line":317},"36":{"loc":{"start":{"line":317,"column":8},"end":{"line":317,"column":59}},"type":"binary-expr","locations":[{"start":{"line":317,"column":8},"end":{"line":317,"column":24}},{"start":{"line":317,"column":28},"end":{"line":317,"column":59}}],"line":317},"37":{"loc":{"start":{"line":325,"column":6},"end":{"line":355,"column":7}},"type":"if","locations":[{"start":{"line":325,"column":6},"end":{"line":355,"column":7}},{"start":{"line":342,"column":13},"end":{"line":355,"column":7}}],"line":325},"38":{"loc":{"start":{"line":361,"column":6},"end":{"line":391,"column":7}},"type":"if","locations":[{"start":{"line":361,"column":6},"end":{"line":391,"column":7}},{"start":{"line":366,"column":13},"end":{"line":391,"column":7}}],"line":361},"39":{"loc":{"start":{"line":374,"column":8},"end":{"line":376,"column":9}},"type":"if","locations":[{"start":{"line":374,"column":8},"end":{"line":376,"column":9}},{"start":{},"end":{}}],"line":374},"40":{"loc":{"start":{"line":384,"column":8},"end":{"line":389,"column":9}},"type":"if","locations":[{"start":{"line":384,"column":8},"end":{"line":389,"column":9}},{"start":{},"end":{}}],"line":384},"41":{"loc":{"start":{"line":395,"column":9},"end":{"line":570,"column":3}},"type":"if","locations":[{"start":{"line":395,"column":9},"end":{"line":570,"column":3}},{"start":{"line":476,"column":9},"end":{"line":570,"column":3}}],"line":395},"42":{"loc":{"start":{"line":396,"column":4},"end":{"line":473,"column":5}},"type":"if","locations":[{"start":{"line":396,"column":4},"end":{"line":473,"column":5}},{"start":{"line":434,"column":11},"end":{"line":473,"column":5}}],"line":396},"43":{"loc":{"start":{"line":396,"column":8},"end":{"line":396,"column":59}},"type":"binary-expr","locations":[{"start":{"line":396,"column":8},"end":{"line":396,"column":24}},{"start":{"line":396,"column":28},"end":{"line":396,"column":59}}],"line":396},"44":{"loc":{"start":{"line":401,"column":6},"end":{"line":433,"column":7}},"type":"if","locations":[{"start":{"line":401,"column":6},"end":{"line":433,"column":7}},{"start":{"line":420,"column":13},"end":{"line":433,"column":7}}],"line":401},"45":{"loc":{"start":{"line":439,"column":6},"end":{"line":472,"column":7}},"type":"if","locations":[{"start":{"line":439,"column":6},"end":{"line":472,"column":7}},{"start":{"line":443,"column":13},"end":{"line":472,"column":7}}],"line":439},"46":{"loc":{"start":{"line":455,"column":8},"end":{"line":457,"column":9}},"type":"if","locations":[{"start":{"line":455,"column":8},"end":{"line":457,"column":9}},{"start":{},"end":{}}],"line":455},"47":{"loc":{"start":{"line":465,"column":8},"end":{"line":470,"column":9}},"type":"if","locations":[{"start":{"line":465,"column":8},"end":{"line":470,"column":9}},{"start":{},"end":{}}],"line":465},"48":{"loc":{"start":{"line":476,"column":9},"end":{"line":570,"column":3}},"type":"if","locations":[{"start":{"line":476,"column":9},"end":{"line":570,"column":3}},{"start":{"line":566,"column":9},"end":{"line":570,"column":3}}],"line":476},"49":{"loc":{"start":{"line":477,"column":4},"end":{"line":565,"column":5}},"type":"if","locations":[{"start":{"line":477,"column":4},"end":{"line":565,"column":5}},{"start":{"line":519,"column":11},"end":{"line":565,"column":5}}],"line":477},"50":{"loc":{"start":{"line":477,"column":8},"end":{"line":477,"column":59}},"type":"binary-expr","locations":[{"start":{"line":477,"column":8},"end":{"line":477,"column":24}},{"start":{"line":477,"column":28},"end":{"line":477,"column":59}}],"line":477},"51":{"loc":{"start":{"line":482,"column":6},"end":{"line":518,"column":7}},"type":"if","locations":[{"start":{"line":482,"column":6},"end":{"line":518,"column":7}},{"start":{"line":507,"column":13},"end":{"line":518,"column":7}}],"line":482},"52":{"loc":{"start":{"line":494,"column":10},"end":{"line":496,"column":11}},"type":"if","locations":[{"start":{"line":494,"column":10},"end":{"line":496,"column":11}},{"start":{},"end":{}}],"line":494},"53":{"loc":{"start":{"line":499,"column":10},"end":{"line":501,"column":11}},"type":"if","locations":[{"start":{"line":499,"column":10},"end":{"line":501,"column":11}},{"start":{},"end":{}}],"line":499},"54":{"loc":{"start":{"line":502,"column":10},"end":{"line":504,"column":11}},"type":"if","locations":[{"start":{"line":502,"column":10},"end":{"line":504,"column":11}},{"start":{},"end":{}}],"line":502},"55":{"loc":{"start":{"line":524,"column":6},"end":{"line":564,"column":7}},"type":"if","locations":[{"start":{"line":524,"column":6},"end":{"line":564,"column":7}},{"start":{"line":539,"column":13},"end":{"line":564,"column":7}}],"line":524},"56":{"loc":{"start":{"line":527,"column":10},"end":{"line":529,"column":11}},"type":"if","locations":[{"start":{"line":527,"column":10},"end":{"line":529,"column":11}},{"start":{},"end":{}}],"line":527},"57":{"loc":{"start":{"line":531,"column":10},"end":{"line":533,"column":11}},"type":"if","locations":[{"start":{"line":531,"column":10},"end":{"line":533,"column":11}},{"start":{},"end":{}}],"line":531},"58":{"loc":{"start":{"line":534,"column":10},"end":{"line":536,"column":11}},"type":"if","locations":[{"start":{"line":534,"column":10},"end":{"line":536,"column":11}},{"start":{},"end":{}}],"line":534},"59":{"loc":{"start":{"line":547,"column":8},"end":{"line":549,"column":9}},"type":"if","locations":[{"start":{"line":547,"column":8},"end":{"line":549,"column":9}},{"start":{},"end":{}}],"line":547},"60":{"loc":{"start":{"line":557,"column":8},"end":{"line":562,"column":9}},"type":"if","locations":[{"start":{"line":557,"column":8},"end":{"line":562,"column":9}},{"start":{},"end":{}}],"line":557},"61":{"loc":{"start":{"line":596,"column":4},"end":{"line":599,"column":5}},"type":"if","locations":[{"start":{"line":596,"column":4},"end":{"line":599,"column":5}},{"start":{},"end":{}}],"line":596},"62":{"loc":{"start":{"line":603,"column":4},"end":{"line":610,"column":5}},"type":"if","locations":[{"start":{"line":603,"column":4},"end":{"line":610,"column":5}},{"start":{},"end":{}}],"line":603},"63":{"loc":{"start":{"line":603,"column":8},"end":{"line":603,"column":76}},"type":"binary-expr","locations":[{"start":{"line":603,"column":8},"end":{"line":603,"column":29}},{"start":{"line":603,"column":33},"end":{"line":603,"column":54}},{"start":{"line":603,"column":58},"end":{"line":603,"column":76}}],"line":603},"64":{"loc":{"start":{"line":612,"column":4},"end":{"line":618,"column":5}},"type":"if","locations":[{"start":{"line":612,"column":4},"end":{"line":618,"column":5}},{"start":{},"end":{}}],"line":612},"65":{"loc":{"start":{"line":612,"column":8},"end":{"line":612,"column":73}},"type":"binary-expr","locations":[{"start":{"line":612,"column":8},"end":{"line":612,"column":29}},{"start":{"line":612,"column":33},"end":{"line":612,"column":51}},{"start":{"line":612,"column":55},"end":{"line":612,"column":73}}],"line":612},"66":{"loc":{"start":{"line":648,"column":2},"end":{"line":652,"column":3}},"type":"if","locations":[{"start":{"line":648,"column":2},"end":{"line":652,"column":3}},{"start":{},"end":{}}],"line":648},"67":{"loc":{"start":{"line":661,"column":0},"end":{"line":666,"column":1}},"type":"if","locations":[{"start":{"line":661,"column":0},"end":{"line":666,"column":1}},{"start":{},"end":{}}],"line":661}},"s":{"0":0,"1":0,"2":0,"3":0,"4":0,"5":0,"6":0,"7":0,"8":0,"9":0,"10":0,"11":0,"12":0,"13":0,"14":0,"15":0,"16":0,"17":0,"18":0,"19":0,"20":0,"21":0,"22":0,"23":0,"24":0,"25":0,"26":0,"27":0,"28":0,"29":0,"30":0,"31":0,"32":0,"33":0,"34":0,"35":0,"36":0,"37":0,"38":0,"39":0,"40":0,"41":0,"42":0,"43":0,"44":0,"45":0,"46":0,"47":0,"48":0,"49":0,"50":0,"51":0,"52":0,"53":0,"54":0,"55":0,"56":0,"57":0,"58":0,"59":0,"60":0,"61":0,"62":0,"63":0,"64":0,"65":0,"66":0,"67":0,"68":0,"69":0,"70":0,"71":0,"72":0,"73":0,"74":0,"75":0,"76":0,"77":0,"78":0,"79":0,"80":0,"81":0,"82":0,"83":0,"84":0,"85":0,"86":0,"87":0,"88":0,"89":0,"90":0,"91":0,"92":0,"93":0,"94":0,"95":0,"96":0,"97":0,"98":0,"99":0,"100":0,"101":0,"102":0,"103":0,"104":0,"105":0,"106":0,"107":0,"108":0,"109":0,"110":0,"111":0,"112":0,"113":0,"114":0,"115":0,"116":0,"117":0,"118":0,"119":0,"120":0,"121":0,"122":0,"123":0,"124":0,"125":0,"126":0,"127":0,"128":0,"129":0,"130":0,"131":0,"132":0,"133":0,"134":0,"135":0,"136":0,"137":0,"138":0,"139":0,"140":0,"141":0,"142":0,"143":0,"144":0,"145":0,"146":0,"147":0,"148":0,"149":0,"150":0,"151":0,"152":0,"153":0,"154":0,"155":0,"156":0,"157":0,"158":0,"159":0,"160":0,"161":0,"162":0,"163":0,"164":0,"165":0,"166":0,"167":0,"168":0,"169":0,"170":0,"171":0,"172":0,"173":0,"174":0,"175":0,"176":0,"177":0,"178":0,"179":0,"180":0,"181":0,"182":0,"183":0,"184":0,"185":0,"186":0,"187":0,"188":0,"189":0,"190":0,"191":0,"192":0,"193":0,"194":0,"195":0,"196":0,"197":0,"198":0,"199":0,"200":0,"201":0,"202":0,"203":0,"204":0,"205":0,"206":0,"207":0,"208":0,"209":0,"210":0,"211":0,"212":0,"213":0,"214":0,"215":0,"216":0,"217":0,"218":0,"219":0,"220":0,"221":0,"222":0,"223":0,"224":0,"225":0,"226":0,"227":0,"228":0,"229":0,"230":0,"231":0,"232":0,"233":0,"234":0,"235":0,"236":0,"237":0,"238":0,"239":0,"240":0,"241":0,"242":0,"243":0,"244":0,"245":0,"246":0,"247":0,"248":0,"249":0,"250":0,"251":0,"252":0,"253":0,"254":0,"255":0,"256":0,"257":0,"258":0,"259":0,"260":0,"261":0,"262":0,"263":0,"264":0,"265":0,"266":0,"267":0,"268":0,"269":0,"270":0,"271":0,"272":0,"273":0,"274":0,"275":0,"276":0,"277":0,"278":0,"279":0,"280":0,"281":0,"282":0,"283":0,"284":0,"285":0,"286":0,"287":0,"288":0,"289":0,"290":0,"291":0,"292":0,"293":0,"294":0,"295":0,"296":0,"297":0,"298":0,"299":0,"300":0,"301":0,"302":0,"303":0,"304":0,"305":0,"306":0,"307":0,"308":0,"309":0,"310":0,"311":0,"312":0,"313":0,"314":0,"315":0,"316":0,"317":0,"318":0,"319":0,"320":0,"321":0,"322":0,"323":0,"324":0,"325":0,"326":0,"327":0,"328":0,"329":0,"330":0,"331":0,"332":0,"333":0,"334":0},"f":{"0":0,"1":0,"2":0,"3":0,"4":0,"5":0,"6":0,"7":0,"8":0,"9":0,"10":0,"11":0,"12":0,"13":0,"14":0,"15":0,"16":0,"17":0,"18":0,"19":0,"20":0,"21":0,"22":0,"23":0,"24":0,"25":0,"26":0},"b":{"0":[0],"1":[0,0],"2":[0,0],"3":[0,0],"4":[0,0],"5":[0,0],"6":[0,0],"7":[0,0],"8":[0,0],"9":[0,0],"10":[0,0],"11":[0,0],"12":[0,0],"13":[0,0,0],"14":[0,0],"15":[0,0],"16":[0,0],"17":[0,0],"18":[0,0],"19":[0,0],"20":[0,0],"21":[0,0],"22":[0,0],"23":[0,0],"24":[0,0],"25":[0,0,0],"26":[0,0],"27":[0,0],"28":[0,0],"29":[0,0],"30":[0,0],"31":[0,0],"32":[0,0],"33":[0,0],"34":[0,0],"35":[0,0],"36":[0,0],"37":[0,0],"38":[0,0],"39":[0,0],"40":[0,0],"41":[0,0],"42":[0,0],"43":[0,0],"44":[0,0],"45":[0,0],"46":[0,0],"47":[0,0],"48":[0,0],"49":[0,0],"50":[0,0],"51":[0,0],"52":[0,0],"53":[0,0],"54":[0,0],"55":[0,0],"56":[0,0],"57":[0,0],"58":[0,0],"59":[0,0],"60":[0,0],"61":[0,0],"62":[0,0],"63":[0,0,0],"64":[0,0],"65":[0,0,0],"66":[0,0],"67":[0,0]}}
,"C:\\Users\\amber\\Projects\\witchyLookup\\src\\database\\colors.js": {"path":"C:\\Users\\amber\\Projects\\witchyLookup\\src\\database\\colors.js","statementMap":{"0":{"start":{"line":1,"column":24},"end":{"line":1,"column":42}},"1":{"start":{"line":11,"column":4},"end":{"line":34,"column":7}},"2":{"start":{"line":12,"column":17},"end":{"line":12,"column":30}},"3":{"start":{"line":14,"column":6},"end":{"line":33,"column":8}},"4":{"start":{"line":21,"column":10},"end":{"line":30,"column":11}},"5":{"start":{"line":22,"column":12},"end":{"line":22,"column":24}},"6":{"start":{"line":24,"column":27},"end":{"line":28,"column":15}},"7":{"start":{"line":24,"column":46},"end":{"line":28,"column":13}},"8":{"start":{"line":29,"column":12},"end":{"line":29,"column":28}},"9":{"start":{"line":31,"column":10},"end":{"line":31,"column":21}},"10":{"start":{"line":41,"column":4},"end":{"line":68,"column":7}},"11":{"start":{"line":42,"column":17},"end":{"line":42,"column":30}},"12":{"start":{"line":43,"column":25},"end":{"line":43,"column":49}},"13":{"start":{"line":45,"column":6},"end":{"line":67,"column":8}},"14":{"start":{"line":53,"column":10},"end":{"line":64,"column":11}},"15":{"start":{"line":54,"column":12},"end":{"line":54,"column":24}},"16":{"start":{"line":55,"column":17},"end":{"line":64,"column":11}},"17":{"start":{"line":56,"column":26},"end":{"line":60,"column":13}},"18":{"start":{"line":61,"column":12},"end":{"line":61,"column":27}},"19":{"start":{"line":63,"column":12},"end":{"line":63,"column":26}},"20":{"start":{"line":65,"column":10},"end":{"line":65,"column":21}},"21":{"start":{"line":75,"column":4},"end":{"line":101,"column":7}},"22":{"start":{"line":76,"column":17},"end":{"line":76,"column":30}},"23":{"start":{"line":79,"column":6},"end":{"line":100,"column":8}},"24":{"start":{"line":88,"column":10},"end":{"line":97,"column":11}},"25":{"start":{"line":89,"column":12},"end":{"line":89,"column":24}},"26":{"start":{"line":91,"column":27},"end":{"line":95,"column":15}},"27":{"start":{"line":91,"column":46},"end":{"line":95,"column":13}},"28":{"start":{"line":96,"column":12},"end":{"line":96,"column":28}},"29":{"start":{"line":98,"column":10},"end":{"line":98,"column":21}},"30":{"start":{"line":108,"column":4},"end":{"line":135,"column":7}},"31":{"start":{"line":109,"column":17},"end":{"line":109,"column":30}},"32":{"start":{"line":110,"column":28},"end":{"line":110,"column":59}},"33":{"start":{"line":112,"column":6},"end":{"line":134,"column":8}},"34":{"start":{"line":122,"column":10},"end":{"line":131,"column":11}},"35":{"start":{"line":123,"column":12},"end":{"line":123,"column":24}},"36":{"start":{"line":125,"column":27},"end":{"line":129,"column":15}},"37":{"start":{"line":125,"column":46},"end":{"line":129,"column":13}},"38":{"start":{"line":130,"column":12},"end":{"line":130,"column":28}},"39":{"start":{"line":132,"column":10},"end":{"line":132,"column":21}},"40":{"start":{"line":139,"column":0},"end":{"line":139,"column":30}}},"fnMap":{"0":{"name":"(anonymous_0)","decl":{"start":{"line":10,"column":2},"end":{"line":10,"column":3}},"loc":{"start":{"line":10,"column":24},"end":{"line":35,"column":3}},"line":10},"1":{"name":"(anonymous_1)","decl":{"start":{"line":11,"column":23},"end":{"line":11,"column":24}},"loc":{"start":{"line":11,"column":44},"end":{"line":34,"column":5}},"line":11},"2":{"name":"(anonymous_2)","decl":{"start":{"line":20,"column":8},"end":{"line":20,"column":9}},"loc":{"start":{"line":20,"column":23},"end":{"line":32,"column":9}},"line":20},"3":{"name":"(anonymous_3)","decl":{"start":{"line":24,"column":36},"end":{"line":24,"column":37}},"loc":{"start":{"line":24,"column":46},"end":{"line":28,"column":13}},"line":24},"4":{"name":"(anonymous_4)","decl":{"start":{"line":40,"column":2},"end":{"line":40,"column":3}},"loc":{"start":{"line":40,"column":37},"end":{"line":69,"column":3}},"line":40},"5":{"name":"(anonymous_5)","decl":{"start":{"line":41,"column":23},"end":{"line":41,"column":24}},"loc":{"start":{"line":41,"column":44},"end":{"line":68,"column":5}},"line":41},"6":{"name":"(anonymous_6)","decl":{"start":{"line":52,"column":8},"end":{"line":52,"column":9}},"loc":{"start":{"line":52,"column":22},"end":{"line":66,"column":9}},"line":52},"7":{"name":"(anonymous_7)","decl":{"start":{"line":74,"column":2},"end":{"line":74,"column":3}},"loc":{"start":{"line":74,"column":41},"end":{"line":102,"column":3}},"line":74},"8":{"name":"(anonymous_8)","decl":{"start":{"line":75,"column":23},"end":{"line":75,"column":24}},"loc":{"start":{"line":75,"column":44},"end":{"line":101,"column":5}},"line":75},"9":{"name":"(anonymous_9)","decl":{"start":{"line":87,"column":8},"end":{"line":87,"column":9}},"loc":{"start":{"line":87,"column":23},"end":{"line":99,"column":9}},"line":87},"10":{"name":"(anonymous_10)","decl":{"start":{"line":91,"column":36},"end":{"line":91,"column":37}},"loc":{"start":{"line":91,"column":46},"end":{"line":95,"column":13}},"line":91},"11":{"name":"(anonymous_11)","decl":{"start":{"line":107,"column":2},"end":{"line":107,"column":3}},"loc":{"start":{"line":107,"column":47},"end":{"line":136,"column":3}},"line":107},"12":{"name":"(anonymous_12)","decl":{"start":{"line":108,"column":23},"end":{"line":108,"column":24}},"loc":{"start":{"line":108,"column":44},"end":{"line":135,"column":5}},"line":108},"13":{"name":"(anonymous_13)","decl":{"start":{"line":121,"column":8},"end":{"line":121,"column":9}},"loc":{"start":{"line":121,"column":23},"end":{"line":133,"column":9}},"line":121},"14":{"name":"(anonymous_14)","decl":{"start":{"line":125,"column":36},"end":{"line":125,"column":37}},"loc":{"start":{"line":125,"column":46},"end":{"line":129,"column":13}},"line":125}},"branchMap":{"0":{"loc":{"start":{"line":21,"column":10},"end":{"line":30,"column":11}},"type":"if","locations":[{"start":{"line":21,"column":10},"end":{"line":30,"column":11}},{"start":{"line":23,"column":17},"end":{"line":30,"column":11}}],"line":21},"1":{"loc":{"start":{"line":53,"column":10},"end":{"line":64,"column":11}},"type":"if","locations":[{"start":{"line":53,"column":10},"end":{"line":64,"column":11}},{"start":{"line":55,"column":17},"end":{"line":64,"column":11}}],"line":53},"2":{"loc":{"start":{"line":55,"column":17},"end":{"line":64,"column":11}},"type":"if","locations":[{"start":{"line":55,"column":17},"end":{"line":64,"column":11}},{"start":{"line":62,"column":17},"end":{"line":64,"column":11}}],"line":55},"3":{"loc":{"start":{"line":88,"column":10},"end":{"line":97,"column":11}},"type":"if","locations":[{"start":{"line":88,"column":10},"end":{"line":97,"column":11}},{"start":{"line":90,"column":17},"end":{"line":97,"column":11}}],"line":88},"4":{"loc":{"start":{"line":122,"column":10},"end":{"line":131,"column":11}},"type":"if","locations":[{"start":{"line":122,"column":10},"end":{"line":131,"column":11}},{"start":{"line":124,"column":17},"end":{"line":131,"column":11}}],"line":122}},"s":{"0":1,"1":0,"2":0,"3":0,"4":0,"5":0,"6":0,"7":0,"8":0,"9":0,"10":5,"11":5,"12":5,"13":5,"14":5,"15":0,"16":5,"17":4,"18":4,"19":1,"20":5,"21":4,"22":4,"23":4,"24":4,"25":0,"26":4,"27":11,"28":4,"29":4,"30":0,"31":0,"32":0,"33":0,"34":0,"35":0,"36":0,"37":0,"38":0,"39":0,"40":1},"f":{"0":0,"1":0,"2":0,"3":0,"4":5,"5":5,"6":5,"7":4,"8":4,"9":4,"10":11,"11":0,"12":0,"13":0,"14":0},"b":{"0":[0,0],"1":[0,5],"2":[4,1],"3":[0,4],"4":[0,0]},"_coverageSchema":"1a1c01bbd47fc00a2c39e90264f33305004495a9","hash":"50c1b8feeaab6b8b692a3ad70eff966f21807891"}
,"C:\\Users\\amber\\Projects\\witchyLookup\\src\\database\\config.js": {"path":"C:\\Users\\amber\\Projects\\witchyLookup\\src\\database\\config.js","statementMap":{"0":{"start":{"line":1,"column":13},"end":{"line":1,"column":28}},"1":{"start":{"line":3,"column":16},"end":{"line":3,"column":63}},"2":{"start":{"line":5,"column":0},"end":{"line":5,"column":29}}},"fnMap":{},"branchMap":{},"s":{"0":5,"1":5,"2":5},"f":{},"b":{},"_coverageSchema":"1a1c01bbd47fc00a2c39e90264f33305004495a9","hash":"c523c79ee3f8af30f74afa217231f96074aeadd2"}
,"C:\\Users\\amber\\Projects\\witchyLookup\\src\\database\\crystals.js": {"path":"C:\\Users\\amber\\Projects\\witchyLookup\\src\\database\\crystals.js","statementMap":{"0":{"start":{"line":1,"column":24},"end":{"line":1,"column":42}},"1":{"start":{"line":11,"column":4},"end":{"line":35,"column":7}},"2":{"start":{"line":12,"column":17},"end":{"line":12,"column":30}},"3":{"start":{"line":14,"column":6},"end":{"line":34,"column":8}},"4":{"start":{"line":21,"column":10},"end":{"line":31,"column":11}},"5":{"start":{"line":22,"column":12},"end":{"line":22,"column":24}},"6":{"start":{"line":24,"column":29},"end":{"line":29,"column":15}},"7":{"start":{"line":24,"column":48},"end":{"line":29,"column":13}},"8":{"start":{"line":30,"column":12},"end":{"line":30,"column":30}},"9":{"start":{"line":32,"column":10},"end":{"line":32,"column":21}},"10":{"start":{"line":42,"column":4},"end":{"line":71,"column":7}},"11":{"start":{"line":43,"column":17},"end":{"line":43,"column":30}},"12":{"start":{"line":44,"column":25},"end":{"line":44,"column":49}},"13":{"start":{"line":46,"column":6},"end":{"line":70,"column":8}},"14":{"start":{"line":55,"column":10},"end":{"line":67,"column":11}},"15":{"start":{"line":56,"column":12},"end":{"line":56,"column":24}},"16":{"start":{"line":57,"column":17},"end":{"line":67,"column":11}},"17":{"start":{"line":58,"column":28},"end":{"line":63,"column":13}},"18":{"start":{"line":64,"column":12},"end":{"line":64,"column":29}},"19":{"start":{"line":66,"column":12},"end":{"line":66,"column":26}},"20":{"start":{"line":68,"column":10},"end":{"line":68,"column":21}},"21":{"start":{"line":78,"column":4},"end":{"line":105,"column":7}},"22":{"start":{"line":79,"column":17},"end":{"line":79,"column":30}},"23":{"start":{"line":82,"column":6},"end":{"line":104,"column":8}},"24":{"start":{"line":91,"column":10},"end":{"line":101,"column":11}},"25":{"start":{"line":92,"column":12},"end":{"line":92,"column":24}},"26":{"start":{"line":94,"column":29},"end":{"line":99,"column":15}},"27":{"start":{"line":94,"column":48},"end":{"line":99,"column":13}},"28":{"start":{"line":100,"column":12},"end":{"line":100,"column":30}},"29":{"start":{"line":102,"column":10},"end":{"line":102,"column":21}},"30":{"start":{"line":112,"column":4},"end":{"line":141,"column":7}},"31":{"start":{"line":113,"column":17},"end":{"line":113,"column":30}},"32":{"start":{"line":114,"column":28},"end":{"line":114,"column":59}},"33":{"start":{"line":116,"column":6},"end":{"line":140,"column":8}},"34":{"start":{"line":127,"column":10},"end":{"line":137,"column":11}},"35":{"start":{"line":128,"column":12},"end":{"line":128,"column":24}},"36":{"start":{"line":130,"column":29},"end":{"line":135,"column":15}},"37":{"start":{"line":130,"column":48},"end":{"line":135,"column":13}},"38":{"start":{"line":136,"column":12},"end":{"line":136,"column":30}},"39":{"start":{"line":138,"column":10},"end":{"line":138,"column":21}},"40":{"start":{"line":145,"column":0},"end":{"line":145,"column":32}}},"fnMap":{"0":{"name":"(anonymous_0)","decl":{"start":{"line":10,"column":2},"end":{"line":10,"column":3}},"loc":{"start":{"line":10,"column":26},"end":{"line":36,"column":3}},"line":10},"1":{"name":"(anonymous_1)","decl":{"start":{"line":11,"column":23},"end":{"line":11,"column":24}},"loc":{"start":{"line":11,"column":44},"end":{"line":35,"column":5}},"line":11},"2":{"name":"(anonymous_2)","decl":{"start":{"line":20,"column":8},"end":{"line":20,"column":9}},"loc":{"start":{"line":20,"column":23},"end":{"line":33,"column":9}},"line":20},"3":{"name":"(anonymous_3)","decl":{"start":{"line":24,"column":38},"end":{"line":24,"column":39}},"loc":{"start":{"line":24,"column":48},"end":{"line":29,"column":13}},"line":24},"4":{"name":"(anonymous_4)","decl":{"start":{"line":41,"column":2},"end":{"line":41,"column":3}},"loc":{"start":{"line":41,"column":39},"end":{"line":72,"column":3}},"line":41},"5":{"name":"(anonymous_5)","decl":{"start":{"line":42,"column":23},"end":{"line":42,"column":24}},"loc":{"start":{"line":42,"column":44},"end":{"line":71,"column":5}},"line":42},"6":{"name":"(anonymous_6)","decl":{"start":{"line":54,"column":8},"end":{"line":54,"column":9}},"loc":{"start":{"line":54,"column":22},"end":{"line":69,"column":9}},"line":54},"7":{"name":"(anonymous_7)","decl":{"start":{"line":77,"column":2},"end":{"line":77,"column":3}},"loc":{"start":{"line":77,"column":44},"end":{"line":106,"column":3}},"line":77},"8":{"name":"(anonymous_8)","decl":{"start":{"line":78,"column":23},"end":{"line":78,"column":24}},"loc":{"start":{"line":78,"column":44},"end":{"line":105,"column":5}},"line":78},"9":{"name":"(anonymous_9)","decl":{"start":{"line":90,"column":8},"end":{"line":90,"column":9}},"loc":{"start":{"line":90,"column":23},"end":{"line":103,"column":9}},"line":90},"10":{"name":"(anonymous_10)","decl":{"start":{"line":94,"column":38},"end":{"line":94,"column":39}},"loc":{"start":{"line":94,"column":48},"end":{"line":99,"column":13}},"line":94},"11":{"name":"(anonymous_11)","decl":{"start":{"line":111,"column":2},"end":{"line":111,"column":3}},"loc":{"start":{"line":111,"column":49},"end":{"line":142,"column":3}},"line":111},"12":{"name":"(anonymous_12)","decl":{"start":{"line":112,"column":23},"end":{"line":112,"column":24}},"loc":{"start":{"line":112,"column":44},"end":{"line":141,"column":5}},"line":112},"13":{"name":"(anonymous_13)","decl":{"start":{"line":126,"column":8},"end":{"line":126,"column":9}},"loc":{"start":{"line":126,"column":23},"end":{"line":139,"column":9}},"line":126},"14":{"name":"(anonymous_14)","decl":{"start":{"line":130,"column":38},"end":{"line":130,"column":39}},"loc":{"start":{"line":130,"column":48},"end":{"line":135,"column":13}},"line":130}},"branchMap":{"0":{"loc":{"start":{"line":21,"column":10},"end":{"line":31,"column":11}},"type":"if","locations":[{"start":{"line":21,"column":10},"end":{"line":31,"column":11}},{"start":{"line":23,"column":17},"end":{"line":31,"column":11}}],"line":21},"1":{"loc":{"start":{"line":28,"column":26},"end":{"line":28,"column":76}},"type":"cond-expr","locations":[{"start":{"line":28,"column":44},"end":{"line":28,"column":71}},{"start":{"line":28,"column":74},"end":{"line":28,"column":76}}],"line":28},"2":{"loc":{"start":{"line":55,"column":10},"end":{"line":67,"column":11}},"type":"if","locations":[{"start":{"line":55,"column":10},"end":{"line":67,"column":11}},{"start":{"line":57,"column":17},"end":{"line":67,"column":11}}],"line":55},"3":{"loc":{"start":{"line":57,"column":17},"end":{"line":67,"column":11}},"type":"if","locations":[{"start":{"line":57,"column":17},"end":{"line":67,"column":11}},{"start":{"line":65,"column":17},"end":{"line":67,"column":11}}],"line":57},"4":{"loc":{"start":{"line":62,"column":26},"end":{"line":62,"column":76}},"type":"cond-expr","locations":[{"start":{"line":62,"column":44},"end":{"line":62,"column":71}},{"start":{"line":62,"column":74},"end":{"line":62,"column":76}}],"line":62},"5":{"loc":{"start":{"line":91,"column":10},"end":{"line":101,"column":11}},"type":"if","locations":[{"start":{"line":91,"column":10},"end":{"line":101,"column":11}},{"start":{"line":93,"column":17},"end":{"line":101,"column":11}}],"line":91},"6":{"loc":{"start":{"line":98,"column":26},"end":{"line":98,"column":76}},"type":"cond-expr","locations":[{"start":{"line":98,"column":44},"end":{"line":98,"column":71}},{"start":{"line":98,"column":74},"end":{"line":98,"column":76}}],"line":98},"7":{"loc":{"start":{"line":127,"column":10},"end":{"line":137,"column":11}},"type":"if","locations":[{"start":{"line":127,"column":10},"end":{"line":137,"column":11}},{"start":{"line":129,"column":17},"end":{"line":137,"column":11}}],"line":127},"8":{"loc":{"start":{"line":134,"column":26},"end":{"line":134,"column":76}},"type":"cond-expr","locations":[{"start":{"line":134,"column":44},"end":{"line":134,"column":71}},{"start":{"line":134,"column":74},"end":{"line":134,"column":76}}],"line":134}},"s":{"0":1,"1":0,"2":0,"3":0,"4":0,"5":0,"6":0,"7":0,"8":0,"9":0,"10":5,"11":5,"12":5,"13":5,"14":5,"15":0,"16":5,"17":4,"18":4,"19":1,"20":5,"21":4,"22":4,"23":4,"24":4,"25":0,"26":4,"27":62,"28":4,"29":4,"30":0,"31":0,"32":0,"33":0,"34":0,"35":0,"36":0,"37":0,"38":0,"39":0,"40":1},"f":{"0":0,"1":0,"2":0,"3":0,"4":5,"5":5,"6":5,"7":4,"8":4,"9":4,"10":62,"11":0,"12":0,"13":0,"14":0},"b":{"0":[0,0],"1":[0,0],"2":[0,5],"3":[4,1],"4":[0,4],"5":[0,4],"6":[0,62],"7":[0,0],"8":[0,0]},"_coverageSchema":"1a1c01bbd47fc00a2c39e90264f33305004495a9","hash":"485aa4c40c7cbeb9acf398df2bb354ff79e1af7b"}
,"C:\\Users\\amber\\Projects\\witchyLookup\\src\\database\\days.js": {"path":"C:\\Users\\amber\\Projects\\witchyLookup\\src\\database\\days.js","statementMap":{"0":{"start":{"line":1,"column":24},"end":{"line":1,"column":42}},"1":{"start":{"line":11,"column":4},"end":{"line":37,"column":7}},"2":{"start":{"line":12,"column":17},"end":{"line":12,"column":30}},"3":{"start":{"line":14,"column":6},"end":{"line":36,"column":8}},"4":{"start":{"line":21,"column":10},"end":{"line":33,"column":11}},"5":{"start":{"line":22,"column":12},"end":{"line":22,"column":24}},"6":{"start":{"line":24,"column":25},"end":{"line":31,"column":15}},"7":{"start":{"line":24,"column":44},"end":{"line":31,"column":13}},"8":{"start":{"line":32,"column":12},"end":{"line":32,"column":26}},"9":{"start":{"line":34,"column":10},"end":{"line":34,"column":21}},"10":{"start":{"line":44,"column":4},"end":{"line":72,"column":7}},"11":{"start":{"line":45,"column":17},"end":{"line":45,"column":30}},"12":{"start":{"line":46,"column":25},"end":{"line":46,"column":49}},"13":{"start":{"line":48,"column":6},"end":{"line":71,"column":8}},"14":{"start":{"line":56,"column":10},"end":{"line":68,"column":11}},"15":{"start":{"line":57,"column":12},"end":{"line":57,"column":24}},"16":{"start":{"line":59,"column":25},"end":{"line":66,"column":15}},"17":{"start":{"line":59,"column":44},"end":{"line":66,"column":13}},"18":{"start":{"line":67,"column":12},"end":{"line":67,"column":26}},"19":{"start":{"line":69,"column":10},"end":{"line":69,"column":21}},"20":{"start":{"line":79,"column":4},"end":{"line":108,"column":7}},"21":{"start":{"line":80,"column":17},"end":{"line":80,"column":30}},"22":{"start":{"line":83,"column":6},"end":{"line":107,"column":8}},"23":{"start":{"line":92,"column":10},"end":{"line":104,"column":11}},"24":{"start":{"line":93,"column":12},"end":{"line":93,"column":24}},"25":{"start":{"line":95,"column":25},"end":{"line":102,"column":15}},"26":{"start":{"line":95,"column":44},"end":{"line":102,"column":13}},"27":{"start":{"line":103,"column":12},"end":{"line":103,"column":26}},"28":{"start":{"line":105,"column":10},"end":{"line":105,"column":21}},"29":{"start":{"line":115,"column":4},"end":{"line":145,"column":7}},"30":{"start":{"line":116,"column":17},"end":{"line":116,"column":30}},"31":{"start":{"line":117,"column":28},"end":{"line":117,"column":59}},"32":{"start":{"line":119,"column":6},"end":{"line":144,"column":8}},"33":{"start":{"line":129,"column":10},"end":{"line":141,"column":11}},"34":{"start":{"line":130,"column":12},"end":{"line":130,"column":24}},"35":{"start":{"line":132,"column":25},"end":{"line":139,"column":15}},"36":{"start":{"line":132,"column":44},"end":{"line":139,"column":13}},"37":{"start":{"line":140,"column":12},"end":{"line":140,"column":26}},"38":{"start":{"line":142,"column":10},"end":{"line":142,"column":21}},"39":{"start":{"line":149,"column":0},"end":{"line":149,"column":28}}},"fnMap":{"0":{"name":"(anonymous_0)","decl":{"start":{"line":10,"column":2},"end":{"line":10,"column":3}},"loc":{"start":{"line":10,"column":22},"end":{"line":38,"column":3}},"line":10},"1":{"name":"(anonymous_1)","decl":{"start":{"line":11,"column":23},"end":{"line":11,"column":24}},"loc":{"start":{"line":11,"column":44},"end":{"line":37,"column":5}},"line":11},"2":{"name":"(anonymous_2)","decl":{"start":{"line":20,"column":8},"end":{"line":20,"column":9}},"loc":{"start":{"line":20,"column":23},"end":{"line":35,"column":9}},"line":20},"3":{"name":"(anonymous_3)","decl":{"start":{"line":24,"column":34},"end":{"line":24,"column":35}},"loc":{"start":{"line":24,"column":44},"end":{"line":31,"column":13}},"line":24},"4":{"name":"(anonymous_4)","decl":{"start":{"line":43,"column":2},"end":{"line":43,"column":3}},"loc":{"start":{"line":43,"column":35},"end":{"line":73,"column":3}},"line":43},"5":{"name":"(anonymous_5)","decl":{"start":{"line":44,"column":23},"end":{"line":44,"column":24}},"loc":{"start":{"line":44,"column":44},"end":{"line":72,"column":5}},"line":44},"6":{"name":"(anonymous_6)","decl":{"start":{"line":55,"column":8},"end":{"line":55,"column":9}},"loc":{"start":{"line":55,"column":23},"end":{"line":70,"column":9}},"line":55},"7":{"name":"(anonymous_7)","decl":{"start":{"line":59,"column":34},"end":{"line":59,"column":35}},"loc":{"start":{"line":59,"column":44},"end":{"line":66,"column":13}},"line":59},"8":{"name":"(anonymous_8)","decl":{"start":{"line":78,"column":2},"end":{"line":78,"column":3}},"loc":{"start":{"line":78,"column":38},"end":{"line":109,"column":3}},"line":78},"9":{"name":"(anonymous_9)","decl":{"start":{"line":79,"column":23},"end":{"line":79,"column":24}},"loc":{"start":{"line":79,"column":44},"end":{"line":108,"column":5}},"line":79},"10":{"name":"(anonymous_10)","decl":{"start":{"line":91,"column":8},"end":{"line":91,"column":9}},"loc":{"start":{"line":91,"column":23},"end":{"line":106,"column":9}},"line":91},"11":{"name":"(anonymous_11)","decl":{"start":{"line":95,"column":34},"end":{"line":95,"column":35}},"loc":{"start":{"line":95,"column":44},"end":{"line":102,"column":13}},"line":95},"12":{"name":"(anonymous_12)","decl":{"start":{"line":114,"column":2},"end":{"line":114,"column":3}},"loc":{"start":{"line":114,"colu
[...]
\\witchyLookup\\src\\search\\moon.js": {"path":"C:\\Users\\amber\\Projects\\witchyLookup\\src\\search\\moon.js","statementMap":{"0":{"start":{"line":1,"column":19},"end":{"line":1,"column":46}},"1":{"start":{"line":5,"column":2},"end":{"line":17,"column":3}},"2":{"start":{"line":6,"column":4},"end":{"line":6,"column":56}},"3":{"start":{"line":8,"column":4},"end":{"line":11,"column":6}},"4":{"start":{"line":13,"column":4},"end":{"line":15,"column":5}},"5":{"start":{"line":14,"column":6},"end":{"line":14,"column":48}},"6":{"start":{"line":16,"column":4},"end":{"line":16,"column":59}},"7":{"start":{"line":22,"column":2},"end":{"line":34,"column":3}},"8":{"start":{"line":23,"column":4},"end":{"line":23,"column":61}},"9":{"start":{"line":25,"column":4},"end":{"line":28,"column":6}},"10":{"start":{"line":30,"column":4},"end":{"line":32,"column":5}},"11":{"start":{"line":31,"column":6},"end":{"line":31,"column":48}},"12":{"start":{"line":33,"column":4},"end":{"line":33,"column":64}},"13":{"start":{"line":39,"column":2},"end":{"line":44,"column":3}},"14":{"start":{"line":40,"column":4},"end":{"line":40,"column":66}},"15":{"start":{"line":42,"column":4},"end":{"line":42,"column":68}},"16":{"start":{"line":43,"column":4},"end":{"line":43,"column":14}},"17":{"start":{"line":49,"column":27},"end":{"line":49,"column":58}},"18":{"start":{"line":51,"column":2},"end":{"line":77,"column":5}},"19":{"start":{"line":52,"column":22},"end":{"line":52,"column":47}},"20":{"start":{"line":55,"column":4},"end":{"line":57,"column":5}},"21":{"start":{"line":56,"column":6},"end":{"line":56,"column":18}},"22":{"start":{"line":60,"column":4},"end":{"line":62,"column":5}},"23":{"start":{"line":61,"column":6},"end":{"line":61,"column":18}},"24":{"start":{"line":63,"column":4},"end":{"line":65,"column":5}},"25":{"start":{"line":64,"column":6},"end":{"line":64,"column":18}},"26":{"start":{"line":66,"column":4},"end":{"line":68,"column":5}},"27":{"start":{"line":67,"column":6},"end":{"line":67,"column":18}},"28":{"start":{"line":69,"column":4},"end":{"line":71,"column":5}},"29":{"start":{"line":70,"column":6},"end":{"line":70,"column":18}},"30":{"start":{"line":72,"column":4},"end":{"line":74,"column":5}},"31":{"start":{"line":73,"column":6},"end":{"line":73,"column":18}},"32":{"start":{"line":76,"column":4},"end":{"line":76,"column":17}},"33":{"start":{"line":81,"column":25},"end":{"line":81,"column":57}},"34":{"start":{"line":83,"column":2},"end":{"line":87,"column":5}},"35":{"start":{"line":84,"column":4},"end":{"line":86,"column":6}},"36":{"start":{"line":90,"column":0},"end":{"line":96,"column":2}}},"fnMap":{"0":{"name":"findMoonPhaseByName","decl":{"start":{"line":4,"column":15},"end":{"line":4,"column":34}},"loc":{"start":{"line":4,"column":59},"end":{"line":18,"column":1}},"line":4},"1":{"name":"findMoonPhasesByMeaning","decl":{"start":{"line":21,"column":15},"end":{"line":21,"column":38}},"loc":{"start":{"line":21,"column":64},"end":{"line":35,"column":1}},"line":21},"2":{"name":"getMoonPhaseSuggestions","decl":{"start":{"line":38,"column":15},"end":{"line":38,"column":38}},"loc":{"start":{"line":38,"column":51},"end":{"line":45,"column":1}},"line":38},"3":{"name":"findMoonPhaseByNameSync","decl":{"start":{"line":48,"column":9},"end":{"line":48,"column":32}},"loc":{"start":{"line":48,"column":57},"end":{"line":78,"column":1}},"line":48},"4":{"name":"(anonymous_4)","decl":{"start":{"line":51,"column":25},"end":{"line":51,"column":26}},"loc":{"start":{"line":51,"column":36},"end":{"line":77,"column":3}},"line":51},"5":{"name":"findMoonPhasesByMeaningSync","decl":{"start":{"line":80,"column":9},"end":{"line":80,"column":36}},"loc":{"start":{"line":80,"column":62},"end":{"line":88,"column":1}},"line":80},"6":{"name":"(anonymous_6)","decl":{"start":{"line":83,"column":27},"end":{"line":83,"column":28}},"loc":{"start":{"line":83,"column":38},"end":{"line":87,"column":3}},"line":83}},"branchMap":{"0":{"loc":{"start":{"line":13,"column":4},"end":{"line":15,"column":5}},"type":"if","locations":[{"start":{"line":13,"column":4},"end":{"line":15,"column":5}},{"start":{},"end":{}}],"line":13},"1":{"loc":{"start":{"line":13,"column":8},"end":{"line":13,"column":46}},"type":"binary-expr","locations":[{"start":{"line":13,"column":8},"end":{"line":13,"column":19}},{"start":{"line":13,"column":23},"end":{"line":13,"column":46}}],"line":13},"2":{"loc":{"start":{"line":30,"column":4},"end":{"line":32,"column":5}},"type":"if","locations":[{"start":{"line":30,"column":4},"end":{"line":32,"column":5}},{"start":{},"end":{}}],"line":30},"3":{"loc":{"start":{"line":30,"column":8},"end":{"line":30,"column":46}},"type":"binary-expr","locations":[{"start":{"line":30,"column":8},"end":{"line":30,"column":19}},{"start":{"line":30,"column":23},"end":{"line":30,"column":46}}],"line":30},"4":{"loc":{"start":{"line":55,"column":4},"end":{"line":57,"column":5}},"type":"if","locations":[{"start":{"line":55,"column":4},"end":{"line":57,"column":5}},{"start":{},"end":{}}],"line":55},"5":{"loc":{"start":{"line":60,"column":4},"end":{"line":62,"column":5}},"type":"if","locations":[{"start":{"line":60,"column":4},"end":{"line":62,"column":5}},{"start":{},"end":{}}],"line":60},"6":{"loc":{"start":{"line":60,"column":8},"end":{"line":60,"column":63}},"type":"binary-expr","locations":[{"start":{"line":60,"column":8},"end":{"line":60,"column":34}},{"start":{"line":60,"column":38},"end":{"line":60,"column":63}}],"line":60},"7":{"loc":{"start":{"line":63,"column":4},"end":{"line":65,"column":5}},"type":"if","locations":[{"start":{"line":63,"column":4},"end":{"line":65,"column":5}},{"start":{},"end":{}}],"line":63},"8":{"loc":{"start":{"line":63,"column":8},"end":{"line":63,"column":65}},"type":"binary-expr","locations":[{"start":{"line":63,"column":8},"end":{"line":63,"column":35}},{"start":{"line":63,"column":39},"end":{"line":63,"column":65}}],"line":63},"9":{"loc":{"start":{"line":66,"column":4},"end":{"line":68,"column":5}},"type":"if","locations":[{"start":{"line":66,"column":4},"end":{"line":68,"column":5}},{"start":{},"end":{}}],"line":66},"10":{"loc":{"start":{"line":66,"column":8},"end":{"line":66,"column":69}},"type":"binary-expr","locations":[{"start":{"line":66,"column":8},"end":{"line":66,"column":37}},{"start":{"line":66,"column":41},"end":{"line":66,"column":69}}],"line":66},"11":{"loc":{"start":{"line":69,"column":4},"end":{"line":71,"column":5}},"type":"if","locations":[{"start":{"line":69,"column":4},"end":{"line":71,"column":5}},{"start":{},"end":{}}],"line":69},"12":{"loc":{"start":{"line":69,"column":8},"end":{"line":69,"column":69}},"type":"binary-expr","locations":[{"start":{"line":69,"column":8},"end":{"line":69,"column":37}},{"start":{"line":69,"column":41},"end":{"line":69,"column":69}}],"line":69},"13":{"loc":{"start":{"line":72,"column":4},"end":{"line":74,"column":5}},"type":"if","locations":[{"start":{"line":72,"column":4},"end":{"line":74,"column":5}},{"start":{},"end":{}}],"line":72},"14":{"loc":{"start":{"line":72,"column":8},"end":{"line":72,"column":65}},"type":"binary-expr","locations":[{"start":{"line":72,"column":8},"end":{"line":72,"column":35}},{"start":{"line":72,"column":39},"end":{"line":72,"column":65}}],"line":72},"15":{"loc":{"start":{"line":85,"column":6},"end":{"line":85,"column":75}},"type":"binary-expr","locations":[{"start":{"line":85,"column":6},"end":{"line":85,"column":19}},{"start":{"line":85,"column":23},"end":{"line":85,"column":75}}],"line":85}},"s":{"0":1,"1":5,"2":5,"3":0,"4":0,"5":0,"6":0,"7":3,"8":3,"9":0,"10":0,"11":0,"12":0,"13":0,"14":0,"15":0,"16":0,"17":0,"18":0,"19":0,"20":0,"21":0,"22":0,"23":0,"24":0,"25":0,"26":0,"27":0,"28":0,"29":0,"30":0,"31":0,"32":0,"33":0,"34":0,"35":0,"36":1},"f":{"0":5,"1":3,"2":0,"3":0,"4":0,"5":0,"6":0},"b":{"0":[0,0],"1":[0,0],"2":[0,0],"3":[0,0],"4":[0,0],"5":[0,0],"6":[0,0],"7":[0,0],"8":[0,0],"9":[0,0],"10":[0,0],"11":[0,0],"12":[0,0],"13":[0,0],"14":[0,0],"15":[0,0]},"_coverageSchema":"1a1c01bbd47fc00a2c39e90264f33305004495a9","hash":"fd3ac035171edf28750993201b05a9cd8764d2fd"}
,"C:\\Users\\amber\\Projects\\witchyLookup\\src\\ui\\display.js": {"path":"C:\\Users\\amber\\Projects\\witchyLookup\\src\\ui\\display.js","statementMap":{"0":{"start":{"line":3,"column":2},"end":{"line":5,"column":4}},"1":{"start":{"line":6,"column":2},"end":{"line":6,"column":64}},"2":{"start":{"line":8,"column":2},"end":{"line":8,"column":44}},"3":{"start":{"line":9,"column":2},"end":{"line":9,"column":79}},"4":{"start":{"line":10,"column":2},"end":{"line":12,"column":4}},"5":{"start":{"line":13,"column":2},"end":{"line":13,"column":70}},"6":{"start":{"line":14,"column":2},"end":{"line":14,"column":77}},"7":{"start":{"line":15,"column":2},"end":{"line":17,"column":4}},"8":{"start":{"line":18,"column":2},"end":{"line":20,"column":4}},"9":{"start":{"line":22,"column":2},"end":{"line":22,"column":32}},"10":{"start":{"line":23,"column":2},"end":{"line":23,"column":56}},"11":{"start":{"line":24,"column":2},"end":{"line":24,"column":73}},"12":{"start":{"line":26,"column":2},"end":{"line":26,"column":29}},"13":{"start":{"line":27,"column":2},"end":{"line":27,"column":40}},"14":{"start":{"line":28,"column":2},"end":{"line":28,"column":49}},"15":{"start":{"line":29,"column":2},"end":{"line":29,"column":37}},"16":{"start":{"line":30,"column":2},"end":{"line":30,"column":45}},"17":{"start":{"line":33,"column":0},"end":{"line":33,"column":31}}},"fnMap":{"0":{"name":"showUsage","decl":{"start":{"line":2,"column":9},"end":{"line":2,"column":18}},"loc":{"start":{"line":2,"column":21},"end":{"line":31,"column":1}},"line":2}},"branchMap":{},"s":{"0":0,"1":0,"2":0,"3":0,"4":0,"5":0,"6":0,"7":0,"8":0,"9":0,"10":0,"11":0,"12":0,"13":0,"14":0,"15":0,"16":0,"17":0},"f":{"0":0},"b":{}}
,"C:\\Users\\amber\\Projects\\witchyLookup\\src\\utils\\getColorCode.js": {"path":"C:\\Users\\amber\\Projects\\witchyLookup\\src\\utils\\getColorCode.js","statementMap":{"0":{"start":{"line":3,"column":21},"end":{"line":25,"column":5}},"1":{"start":{"line":27,"column":27},"end":{"line":27,"column":57}},"2":{"start":{"line":28,"column":4},"end":{"line":28,"column":49}},"3":{"start":{"line":31,"column":0},"end":{"line":31,"column":34}}},"fnMap":{"0":{"name":"getColorCode","decl":{"start":{"line":2,"column":9},"end":{"line":2,"column":21}},"loc":{"start":{"line":2,"column":33},"end":{"line":29,"column":1}},"line":2}},"branchMap":{"0":{"loc":{"start":{"line":28,"column":11},"end":{"line":28,"column":48}},"type":"binary-expr","locations":[{"start":{"line":28,"column":11},"end":{"line":28,"column":35}},{"start":{"line":28,"column":39},"end":{"line":28,"column":48}}],"line":28}},"s":{"0":0,"1":0,"2":0,"3":0},"f":{"0":0},"b":{"0":[0,0]}}
,"C:\\Users\\amber\\Projects\\witchyLookup\\src\\utils\\getMoonPhaseEmoji.js": {"path":"C:\\Users\\amber\\Projects\\witchyLookup\\src\\utils\\getMoonPhaseEmoji.js","statementMap":{"0":{"start":{"line":2,"column":18},"end":{"line":2,"column":41}},"1":{"start":{"line":4,"column":4},"end":{"line":16,"column":5}},"2":{"start":{"line":5,"column":8},"end":{"line":5,"column":20}},"3":{"start":{"line":6,"column":11},"end":{"line":16,"column":5}},"4":{"start":{"line":7,"column":8},"end":{"line":7,"column":20}},"5":{"start":{"line":8,"column":11},"end":{"line":16,"column":5}},"6":{"start":{"line":9,"column":8},"end":{"line":9,"column":20}},"7":{"start":{"line":10,"column":11},"end":{"line":16,"column":5}},"8":{"start":{"line":11,"column":8},"end":{"line":11,"column":20}},"9":{"start":{"line":12,"column":11},"end":{"line":16,"column":5}},"10":{"start":{"line":13,"column":8},"end":{"line":13,"column":20}},"11":{"start":{"line":15,"column":8},"end":{"line":15,"column":20}},"12":{"start":{"line":19,"column":0},"end":{"line":19,"column":39}}},"fnMap":{"0":{"name":"getMoonPhaseEmoji","decl":{"start":{"line":1,"column":9},"end":{"line":1,"column":26}},"loc":{"start":{"line":1,"column":38},"end":{"line":17,"column":1}},"line":1}},"branchMap":{"0":{"loc":{"start":{"line":4,"column":4},"end":{"line":16,"column":5}},"type":"if","locations":[{"start":{"line":4,"column":4},"end":{"line":16,"column":5}},{"start":{"line":6,"column":11},"end":{"line":16,"column":5}}],"line":4},"1":{"loc":{"start":{"line":6,"column":11},"end":{"line":16,"column":5}},"type":"if","locations":[{"start":{"line":6,"column":11},"end":{"line":16,"column":5}},{"start":{"line":8,"column":11},"end":{"line":16,"column":5}}],"line":6},"2":{"loc":{"start":{"line":8,"column":11},"end":{"line":16,"column":5}},"type":"if","locations":[{"start":{"line":8,"column":11},"end":{"line":16,"column":5}},{"start":{"line":10,"column":11},"end":{"line":16,"column":5}}],"line":8},"3":{"loc":{"start":{"line":10,"column":11},"end":{"line":16,"column":5}},"type":"if","locations":[{"start":{"line":10,"column":11},"end":{"line":16,"column":5}},{"start":{"line":12,"column":11},"end":{"line":16,"column":5}}],"line":10},"4":{"loc":{"start":{"line":12,"column":11},"end":{"line":16,"column":5}},"type":"if","locations":[{"start":{"line":12,"column":11},"end":{"line":16,"column":5}},{"start":{"line":14,"column":11},"end":{"line":16,"column":5}}],"line":12}},"s":{"0":0,"1":0,"2":0,"3":0,"4":0,"5":0,"6":0,"7":0,"8":0,"9":0,"10":0,"11":0,"12":0},"f":{"0":0},"b":{"0":[0,0],"1":[0,0],"2":[0,0],"3":[0,0],"4":[0,0]}}
,"C:\\Users\\amber\\Projects\\witchyLookup\\src\\utils\\suggestUseSearch.js": {"path":"C:\\Users\\amber\\Projects\\witchyLookup\\src\\utils\\suggestUseSearch.js","statementMap":{"0":{"start":{"line":2,"column":27},"end":{"line":2,"column":53}},"1":{"start":{"line":3,"column":35},"end":{"line":3,"column":64}},"2":{"start":{"line":4,"column":32},"end":{"line":4,"column":59}},"3":{"start":{"line":5,"column":36},"end":{"line":5,"column":61}},"4":{"start":{"line":6,"column":33},"end":{"line":6,"column":60}},"5":{"start":{"line":7,"column":29},"end":{"line":7,"column":54}},"6":{"start":{"line":11,"column":24},"end":{"line":11,"column":26}},"7":{"start":{"line":13,"column":4},"end":{"line":50,"column":5}},"8":{"start":{"line":15,"column":32},"end":{"line":15,"column":70}},"9":{"start":{"line":16,"column":12},"end":{"line":18,"column":13}},"10":{"start":{"line":17,"column":16},"end":{"line":17,"column":83}},"11":{"start":{"line":19,"column":12},"end":{"line":19,"column":18}},"12":{"start":{"line":21,"column":35},"end":{"line":21,"column":84}},"13":{"start":{"line":22,"column":12},"end":{"line":24,"column":13}},"14":{"start":{"line":23,"column":16},"end":{"line":23,"column":86}},"15":{"start":{"line":25,"column":12},"end":{"line":25,"column":18}},"16":{"start":{"line":27,"column":33},"end":{"line":27,"column":77}},"17":{"start":{"line":28,"column":12},"end":{"line":30,"column":13}},"18":{"start":{"line":29,"column":16},"end":{"line":29,"column":84}},"19":{"start":{"line":31,"column":12},"end":{"line":31,"column":18}},"20":{"start":{"line":33,"column":32},"end":{"line":33,"column":78}},"21":{"start":{"line":34,"column":12},"end":{"line":36,"column":13}},"22":{"start":{"line":35,"column":16},"end":{"line":35,"column":83}},"23":{"start":{"line":37,"column":12},"end":{"line":37,"column":18}},"24":{"start":{"line":39,"column":33},"end":{"line":39,"column":78}},"25":{"start":{"line":40,"column":12},"end":{"line":42,"column":13}},"26":{"start":{"line":41,"column":16},"end":{"line":41,"column":84}},"27":{"start":{"line":43,"column":12},"end":{"line":43,"column":18}},"28":{"start":{"line":45,"column":31},"end":{"line":45,"column":70}},"29":{"start":{"line":46,"column":12},"end":{"line":48,"column":13}},"30":{"start":{"line":47,"column":16},"end":{"line":47,"column":82}},"31":{"start":{"line":49,"column":12},"end":{"line":49,"column":18}},"32":{"start":{"line":52,"column":4},"end":{"line":52,"column":23}},"33":{"start":{"line":55,"column":0},"end":{"line":55,"column":38}}},"fnMap":{"0":{"name":"suggestUseSearch","decl":{"start":{"line":10,"column":9},"end":{"line":10,"column":25}},"loc":{"start":{"line":10,"column":50},"end":{"line":53,"column":1}},"line":10}},"branchMap":{"0":{"loc":{"start":{"line":13,"column":4},"end":{"line":50,"column":5}},"type":"switch","locations":[{"start":{"line":14,"column":8},"end":{"line":19,"column":18}},{"start":{"line":20,"column":8},"end":{"line":25,"column":18}},{"start":{"line":26,"column":8},"end":{"line":31,"column":18}},{"start":{"line":32,"column":8},"end":{"line":37,"column":18}},{"start":{"line":38,"column":8},"end":{"line":43,"column":18}},{"start":{"line":44,"column":8},"end":{"line":49,"column":18}}],"line":13},"1":{"loc":{"start":{"line":16,"column":12},"end":{"line":18,"column":13}},"type":"if","locations":[{"start":{"line":16,"column":12},"end":{"line":18,"column":13}},{"start":{},"end":{}}],"line":16},"2":{"loc":{"start":{"line":22,"column":12},"end":{"line":24,"column":13}},"type":"if","locations":[{"start":{"line":22,"column":12},"end":{"line":24,"column":13}},{"start":{},"end":{}}],"line":22},"3":{"loc":{"start":{"line":28,"column":12},"end":{"line":30,"column":13}},"type":"if","locations":[{"start":{"line":28,"column":12},"end":{"line":30,"column":13}},{"start":{},"end":{}}],"line":28},"4":{"loc":{"start":{"line":34,"column":12},"end":{"line":36,"column":13}},"type":"if","locations":[{"start":{"line":34,"column":12},"end":{"line":36,"column":13}},{"start":{},"end":{}}],"line":34},"5":{"loc":{"start":{"line":40,"column":12},"end":{"line":42,"column":13}},"type":"if","locations":[{"start":{"line":40,"column":12},"end":{"line":42,"column":13}},{"start":{},"end":{}}],"line":40},"6":{"loc":{"start":{"line":46,"column":12},"end":{"line":48,"column":13}},"type":"if","locations":[{"start":{"line":46,"column":12},"end":{"line":48,"column":13}},{"start":{},"end":{}}],"line":46}},"s":{"0":0,"1":0,"2":0,"3":0,"4":0,"5":0,"6":0,"7":0,"8":0,"9":0,"10":0,"11":0,"12":0,"13":0,"14":0,"15":0,"16":0,"17":0,"18":0,"19":0,"20":0,"21":0,"22":0,"23":0,"24":0,"25":0,"26":0,"27":0,"28":0,"29":0,"30":0,"31":0,"32":0,"33":0},"f":{"0":0},"b":{"0":[0,0,0,0,0,0],"1":[0,0],"2":[0,0],"3":[0,0],"4":[0,0],"5":[0,0],"6":[0,0]}}
,"C:\\Users\\amber\\Projects\\witchyLookup\\src\\utils\\text.js": {"path":"C:\\Users\\amber\\Projects\\witchyLookup\\src\\utils\\text.js","statementMap":{"0":{"start":{"line":3,"column":2},"end":{"line":3,"column":40}},"1":{"start":{"line":3,"column":28},"end":{"line":3,"column":40}},"2":{"start":{"line":5,"column":16},"end":{"line":5,"column":64}},"3":{"start":{"line":6,"column":2},"end":{"line":10,"column":3}},"4":{"start":{"line":7,"column":4},"end":{"line":7,"column":72}},"5":{"start":{"line":9,"column":4},"end":{"line":9,"column":58}},"6":{"start":{"line":15,"column":2},"end":{"line":15,"column":55}},"7":{"start":{"line":18,"column":0},"end":{"line":18,"column":48}}},"fnMap":{"0":{"name":"highlightText","decl":{"start":{"line":2,"column":9},"end":{"line":2,"column":22}},"loc":{"start":{"line":2,"column":72},"end":{"line":11,"column":1}},"line":2},"1":{"name":"escapeRegex","decl":{"start":{"line":14,"column":9},"end":{"line":14,"column":20}},"loc":{"start":{"line":14,"column":29},"end":{"line":16,"column":1}},"line":14}},"branchMap":{"0":{"loc":{"start":{"line":2,"column":41},"end":{"line":2,"column":70}},"type":"default-arg","locations":[{"start":{"line":2,"column":66},"end":{"line":2,"column":70}}],"line":2},"1":{"loc":{"start":{"line":3,"column":2},"end":{"line":3,"column":40}},"type":"if","locations":[{"start":{"line":3,"column":2},"end":{"line":3,"column":40}},{"start":{},"end":{}}],"line":3},"2":{"loc":{"start":{"line":3,"column":6},"end":{"line":3,"column":26}},"type":"binary-expr","locations":[{"start":{"line":3,"column":6},"end":{"line":3,"column":11}},{"start":{"line":3,"column":15},"end":{"line":3,"column":26}}],"line":3},"3":{"loc":{"start":{"line":6,"column":2},"end":{"line":10,"column":3}},"type":"if","locations":[{"start":{"line":6,"column":2},"end":{"line":10,"column":3}},{"start":{"line":8,"column":9},"end":{"line":10,"column":3}}],"line":6}},"s":{"0":0,"1":0,"2":0,"3":0,"4":0,"5":0,"6":0,"7":0},"f":{"0":0,"1":0},"b":{"0":[0],"1":[0,0],"2":[0,0],"3":[0,0]}}
}
