TN:
SF:src\cli.js
FN:6,(anonymous_0)
FN:16,(anonymous_1)
FN:18,(anonymous_2)
FN:25,(anonymous_3)
FN:30,(anonymous_4)
FN:37,(anonymous_5)
FN:63,(anonymous_6)
FN:87,(anonymous_7)
FN:92,(anonymous_8)
FN:130,(anonymous_9)
FNF:10
FNH:0
FNDA:0,(anonymous_0)
FNDA:0,(anonymous_1)
FNDA:0,(anonymous_2)
FNDA:0,(anonymous_3)
FNDA:0,(anonymous_4)
FNDA:0,(anonymous_5)
FNDA:0,(anonymous_6)
FNDA:0,(anonymous_7)
FNDA:0,(anonymous_8)
FNDA:0,(anonymous_9)
DA:1,0
DA:2,0
DA:3,0
DA:7,0
DA:13,0
DA:18,0
DA:19,0
DA:20,0
DA:21,0
DA:25,0
DA:26,0
DA:30,0
DA:31,0
DA:32,0
DA:33,0
DA:38,0
DA:39,0
DA:40,0
DA:44,0
DA:45,0
DA:46,0
DA:47,0
DA:50,0
DA:51,0
DA:52,0
DA:53,0
DA:56,0
DA:57,0
DA:58,0
DA:59,0
DA:63,0
DA:65,0
DA:66,0
DA:67,0
DA:68,0
DA:69,0
DA:70,0
DA:73,0
DA:75,0
DA:77,0
DA:78,0
DA:79,0
DA:81,0
DA:84,0
DA:88,0
DA:89,0
DA:93,0
DA:94,0
DA:96,0
DA:97,0
DA:100,0
DA:103,0
DA:104,0
DA:105,0
DA:108,0
DA:112,0
DA:113,0
DA:114,0
DA:116,0
DA:117,0
DA:118,0
DA:119,0
DA:120,0
DA:121,0
DA:122,0
DA:124,0
DA:125,0
DA:126,0
DA:127,0
DA:131,0
DA:133,0
DA:136,0
DA:137,0
DA:138,0
DA:141,0
DA:142,0
DA:143,0
DA:144,0
DA:145,0
DA:150,0
LF:80
LH:0
BRDA:38,0,0,0
BRDA:38,0,1,0
BRDA:44,1,0,0
BRDA:44,1,1,0
BRDA:44,2,0,0
BRDA:44,2,1,0
BRDA:50,3,0,0
BRDA:50,3,1,0
BRDA:50,4,0,0
BRDA:50,4,1,0
BRDA:56,5,0,0
BRDA:56,5,1,0
BRDA:65,6,0,0
BRDA:65,6,1,0
BRDA:78,7,0,0
BRDA:78,7,1,0
BRDA:92,8,0,0
BRDA:93,9,0,0
BRDA:93,9,1,0
BRF:19
BRH:0
end_of_record
TN:
SF:src\index.js
FN:24,processCommand
FN:70,(anonymous_1)
FN:120,(anonymous_2)
FN:123,(anonymous_3)
FN:131,(anonymous_4)
FN:159,(anonymous_5)
FN:216,(anonymous_6)
FN:219,(anonymous_7)
FN:227,(anonymous_8)
FN:252,(anonymous_9)
FN:300,(anonymous_10)
FN:307,(anonymous_11)
FN:335,(anonymous_12)
FN:379,(anonymous_13)
FN:386,(anonymous_14)
FN:411,(anonymous_15)
FN:460,(anonymous_16)
FN:467,(anonymous_17)
FN:492,(anonymous_18)
FN:525,(anonymous_19)
FN:552,(anonymous_20)
FN:559,(anonymous_21)
FN:574,interactiveMode
FN:593,(anonymous_23)
FN:638,(anonymous_24)
FN:645,main
FN:662,(anonymous_26)
FNF:27
FNH:0
FNDA:0,processCommand
FNDA:0,(anonymous_1)
FNDA:0,(anonymous_2)
FNDA:0,(anonymous_3)
FNDA:0,(anonymous_4)
FNDA:0,(anonymous_5)
FNDA:0,(anonymous_6)
FNDA:0,(anonymous_7)
FNDA:0,(anonymous_8)
FNDA:0,(anonymous_9)
FNDA:0,(anonymous_10)
FNDA:0,(anonymous_11)
FNDA:0,(anonymous_12)
FNDA:0,(anonymous_13)
FNDA:0,(anonymous_14)
FNDA:0,(anonymous_15)
FNDA:0,(anonymous_16)
FNDA:0,(anonymous_17)
FNDA:0,(anonymous_18)
FNDA:0,(anonymous_19)
FNDA:0,(anonymous_20)
FNDA:0,(anonymous_21)
FNDA:0,interactiveMode
FNDA:0,(anonymous_23)
FNDA:0,(anonymous_24)
FNDA:0,main
FNDA:0,(anonymous_26)
DA:2,0
DA:3,0
DA:4,0
DA:5,0
DA:6,0
DA:7,0
DA:10,0
DA:14,0
DA:15,0
DA:19,0
DA:20,0
DA:21,0
DA:25,0
DA:26,0
DA:27,0
DA:30,0
DA:36,0
DA:38,0
DA:39,0
DA:42,0
DA:43,0
DA:44,0
DA:45,0
DA:46,0
DA:47,0
DA:51,0
DA:54,0
DA:55,0
DA:57,0
DA:58,0
DA:60,0
DA:61,0
DA:70,0
DA:71,0
DA:72,0
DA:73,0
DA:75,0
DA:76,0
DA:77,0
DA:80,0
DA:83,0
DA:84,0
DA:85,0
DA:86,0
DA:87,0
DA:88,0
DA:89,0
DA:90,0
DA:91,0
DA:95,0
DA:96,0
DA:98,0
DA:99,0
DA:101,0
DA:102,0
DA:104,0
DA:105,0
DA:107,0
DA:108,0
DA:113,0
DA:114,0
DA:115,0
DA:118,0
DA:121,0
DA:124,0
DA:129,0
DA:130,0
DA:131,0
DA:132,0
DA:135,0
DA:140,0
DA:141,0
DA:143,0
DA:144,0
DA:149,0
DA:150,0
DA:159,0
DA:160,0
DA:161,0
DA:162,0
DA:164,0
DA:168,0
DA:169,0
DA:172,0
DA:175,0
DA:176,0
DA:177,0
DA:178,0
DA:179,0
DA:180,0
DA:181,0
DA:182,0
DA:183,0
DA:187,0
DA:188,0
DA:190,0
DA:191,0
DA:193,0
DA:194,0
DA:196,0
DA:197,0
DA:199,0
DA:200,0
DA:205,0
DA:210,0
DA:211,0
DA:214,0
DA:217,0
DA:220,0
DA:225,0
DA:226,0
DA:227,0
DA:228,0
DA:231,0
DA:236,0
DA:237,0
DA:239,0
DA:240,0
DA:242,0
DA:243,0
DA:252,0
DA:253,0
DA:254,0
DA:255,0
DA:256,0
DA:257,0
DA:260,0
DA:263,0
DA:264,0
DA:265,0
DA:266,0
DA:267,0
DA:268,0
DA:269,0
DA:270,0
DA:271,0
DA:275,0
DA:276,0
DA:278,0
DA:279,0
DA:280,0
DA:281,0
DA:282,0
DA:284,0
DA:285,0
DA:290,0
DA:295,0
DA:296,0
DA:299,0
DA:301,0
DA:305,0
DA:306,0
DA:307,0
DA:308,0
DA:311,0
DA:316,0
DA:317,0
DA:319,0
DA:320,0
DA:325,0
DA:326,0
DA:335,0
DA:336,0
DA:337,0
DA:338,0
DA:339,0
DA:340,0
DA:343,0
DA:346,0
DA:347,0
DA:348,0
DA:349,0
DA:350,0
DA:351,0
DA:352,0
DA:353,0
DA:354,0
DA:358,0
DA:359,0
DA:361,0
DA:362,0
DA:363,0
DA:364,0
DA:365,0
DA:367,0
DA:368,0
DA:373,0
DA:374,0
DA:375,0
DA:378,0
DA:380,0
DA:384,0
DA:385,0
DA:386,0
DA:387,0
DA:390,0
DA:395,0
DA:396,0
DA:398,0
DA:399,0
DA:401,0
DA:402,0
DA:411,0
DA:412,0
DA:413,0
DA:417,0
DA:418,0
DA:421,0
DA:424,0
DA:425,0
DA:426,0
DA:427,0
DA:428,0
DA:429,0
DA:430,0
DA:431,0
DA:432,0
DA:436,0
DA:437,0
DA:439,0
DA:440,0
DA:441,0
DA:442,0
DA:444,0
DA:445,0
DA:450,0
DA:455,0
DA:456,0
DA:459,0
DA:461,0
DA:465,0
DA:466,0
DA:467,0
DA:468,0
DA:471,0
DA:476,0
DA:477,0
DA:479,0
DA:480,0
DA:482,0
DA:483,0
DA:492,0
DA:493,0
DA:494,0
DA:495,0
DA:497,0
DA:498,0
DA:499,0
DA:500,0
DA:502,0
DA:503,0
DA:505,0
DA:508,0
DA:511,0
DA:512,0
DA:513,0
DA:514,0
DA:515,0
DA:516,0
DA:517,0
DA:521,0
DA:522,0
DA:524,0
DA:525,0
DA:526,0
DA:527,0
DA:528,0
DA:530,0
DA:531,0
DA:532,0
DA:534,0
DA:535,0
DA:537,0
DA:540,0
DA:541,0
DA:546,0
DA:547,0
DA:548,0
DA:551,0
DA:553,0
DA:557,0
DA:558,0
DA:559,0
DA:560,0
DA:563,0
DA:567,0
DA:568,0
DA:569,0
DA:575,0
DA:577,0
DA:578,0
DA:579,0
DA:582,0
DA:583,0
DA:585,0
DA:591,0
DA:593,0
DA:594,0
DA:596,0
DA:597,0
DA:598,0
DA:601,0
DA:603,0
DA:604,0
DA:607,0
DA:608,0
DA:609,0
DA:612,0
DA:613,0
DA:614,0
DA:615,0
DA:616,0
DA:617,0
DA:620,0
DA:623,0
DA:625,0
DA:626,0
DA:627,0
DA:629,0
DA:630,0
DA:634,0
DA:635,0
DA:638,0
DA:639,0
DA:640,0
DA:646,0
DA:648,0
DA:650,0
DA:651,0
DA:655,0
DA:658,0
DA:661,0
DA:662,0
DA:663,0
DA:664,0
LF:335
LH:0
BRDA:24,0,0,0
BRDA:25,1,0,0
BRDA:25,1,1,0
BRDA:36,2,0,0
BRDA:36,2,1,0
BRDA:54,3,0,0
BRDA:54,3,1,0
BRDA:55,4,0,0
BRDA:55,4,1,0
BRDA:55,5,0,0
BRDA:55,5,1,0
BRDA:60,6,0,0
BRDA:60,6,1,0
BRDA:72,7,0,0
BRDA:72,7,1,0
BRDA:72,8,0,0
BRDA:72,8,1,0
BRDA:98,9,0,0
BRDA:98,9,1,0
BRDA:101,10,0,0
BRDA:101,10,1,0
BRDA:101,11,0,0
BRDA:101,11,1,0
BRDA:114,12,0,0
BRDA:114,12,1,0
BRDA:121,13,0,0
BRDA:121,13,1,0
BRDA:121,13,2,0
BRDA:129,14,0,0
BRDA:129,14,1,0
BRDA:140,15,0,0
BRDA:140,15,1,0
BRDA:141,16,0,0
BRDA:141,16,1,0
BRDA:141,17,0,0
BRDA:141,17,1,0
BRDA:149,18,0,0
BRDA:149,18,1,0
BRDA:161,19,0,0
BRDA:161,19,1,0
BRDA:161,20,0,0
BRDA:161,20,1,0
BRDA:190,21,0,0
BRDA:190,21,1,0
BRDA:193,22,0,0
BRDA:193,22,1,0
BRDA:193,23,0,0
BRDA:193,23,1,0
BRDA:210,24,0,0
BRDA:210,24,1,0
BRDA:217,25,0,0
BRDA:217,25,1,0
BRDA:217,25,2,0
BRDA:225,26,0,0
BRDA:225,26,1,0
BRDA:236,27,0,0
BRDA:236,27,1,0
BRDA:237,28,0,0
BRDA:237,28,1,0
BRDA:237,29,0,0
BRDA:237,29,1,0
BRDA:242,30,0,0
BRDA:242,30,1,0
BRDA:278,31,0,0
BRDA:278,31,1,0
BRDA:295,32,0,0
BRDA:295,32,1,0
BRDA:305,33,0,0
BRDA:305,33,1,0
BRDA:316,34,0,0
BRDA:316,34,1,0
BRDA:317,35,0,0
BRDA:317,35,1,0
BRDA:317,36,0,0
BRDA:317,36,1,0
BRDA:325,37,0,0
BRDA:325,37,1,0
BRDA:361,38,0,0
BRDA:361,38,1,0
BRDA:374,39,0,0
BRDA:374,39,1,0
BRDA:384,40,0,0
BRDA:384,40,1,0
BRDA:395,41,0,0
BRDA:395,41,1,0
BRDA:396,42,0,0
BRDA:396,42,1,0
BRDA:396,43,0,0
BRDA:396,43,1,0
BRDA:401,44,0,0
BRDA:401,44,1,0
BRDA:439,45,0,0
BRDA:439,45,1,0
BRDA:455,46,0,0
BRDA:455,46,1,0
BRDA:465,47,0,0
BRDA:465,47,1,0
BRDA:476,48,0,0
BRDA:476,48,1,0
BRDA:477,49,0,0
BRDA:477,49,1,0
BRDA:477,50,0,0
BRDA:477,50,1,0
BRDA:482,51,0,0
BRDA:482,51,1,0
BRDA:494,52,0,0
BRDA:494,52,1,0
BRDA:499,53,0,0
BRDA:499,53,1,0
BRDA:502,54,0,0
BRDA:502,54,1,0
BRDA:524,55,0,0
BRDA:524,55,1,0
BRDA:527,56,0,0
BRDA:527,56,1,0
BRDA:531,57,0,0
BRDA:531,57,1,0
BRDA:534,58,0,0
BRDA:534,58,1,0
BRDA:547,59,0,0
BRDA:547,59,1,0
BRDA:557,60,0,0
BRDA:557,60,1,0
BRDA:596,61,0,0
BRDA:596,61,1,0
BRDA:603,62,0,0
BRDA:603,62,1,0
BRDA:603,63,0,0
BRDA:603,63,1,0
BRDA:603,63,2,0
BRDA:612,64,0,0
BRDA:612,64,1,0
BRDA:612,65,0,0
BRDA:612,65,1,0
BRDA:612,65,2,0
BRDA:648,66,0,0
BRDA:648,66,1,0
BRDA:661,67,0,0
BRDA:661,67,1,0
BRF:139
BRH:0
end_of_record
TN:
SF:src\database\colors.js
FN:10,(anonymous_0)
FN:11,(anonymous_1)
FN:20,(anonymous_2)
FN:24,(anonymous_3)
FN:40,(anonymous_4)
FN:41,(anonymous_5)
FN:52,(anonymous_6)
FN:74,(anonymous_7)
FN:75,(anonymous_8)
FN:87,(anonymous_9)
FN:91,(anonymous_10)
FN:107,(anonymous_11)
FN:108,(anonymous_12)
FN:121,(anonymous_13)
FN:125,(anonymous_14)
FNF:15
FNH:7
FNDA:0,(anonymous_0)
FNDA:0,(anonymous_1)
FNDA:0,(anonymous_2)
FNDA:0,(anonymous_3)
FNDA:5,(anonymous_4)
FNDA:5,(anonymous_5)
FNDA:5,(anonymous_6)
FNDA:4,(anonymous_7)
FNDA:4,(anonymous_8)
FNDA:4,(anonymous_9)
FNDA:11,(anonymous_10)
FNDA:0,(anonymous_11)
FNDA:0,(anonymous_12)
FNDA:0,(anonymous_13)
FNDA:0,(anonymous_14)
DA:1,1
DA:11,0
DA:12,0
DA:14,0
DA:21,0
DA:22,0
DA:24,0
DA:29,0
DA:31,0
DA:41,5
DA:42,5
DA:43,5
DA:45,5
DA:53,5
DA:54,0
DA:55,5
DA:56,4
DA:61,4
DA:63,1
DA:65,5
DA:75,4
DA:76,4
DA:79,4
DA:88,4
DA:89,0
DA:91,11
DA:96,4
DA:98,4
DA:108,0
DA:109,0
DA:110,0
DA:112,0
DA:122,0
DA:123,0
DA:125,0
DA:130,0
DA:132,0
DA:139,1
LF:38
LH:19
BRDA:21,0,0,0
BRDA:21,0,1,0
BRDA:53,1,0,0
BRDA:53,1,1,5
BRDA:55,2,0,4
BRDA:55,2,1,1
BRDA:88,3,0,0
BRDA:88,3,1,4
BRDA:122,4,0,0
BRDA:122,4,1,0
BRF:10
BRH:4
end_of_record
TN:
SF:src\database\config.js
FNF:0
FNH:0
DA:1,5
DA:3,5
DA:5,5
LF:3
LH:3
BRF:0
BRH:0
end_of_record
TN:
SF:src\database\crystals.js
FN:10,(anonymous_0)
FN:11,(anonymous_1)
FN:20,(anonymous_2)
FN:24,(anonymous_3)
FN:41,(anonymous_4)
FN:42,(anonymous_5)
FN:54,(anonymous_6)
FN:77,(anonymous_7)
FN:78,(anonymous_8)
FN:90,(anonymous_9)
FN:94,(anonymous_10)
FN:111,(anonymous_11)
FN:112,(anonymous_12)
FN:126,(anonymous_13)
FN:130,(anonymous_14)
FNF:15
FNH:7
FNDA:0,(anonymous_0)
FNDA:0,(anonymous_1)
FNDA:0,(anonymous_2)
FNDA:0,(anonymous_3)
FNDA:5,(anonymous_4)
FNDA:5,(anonymous_5)
FNDA:5,(anonymous_6)
FNDA:4,(anonymous_7)
FNDA:4,(anonymous_8)
FNDA:4,(anonymous_9)
FNDA:62,(anonymous_10)
FNDA:0,(anonymous_11)
FNDA:0,(anonymous_12)
FNDA:0,(anonymous_13)
FNDA:0,(anonymous_14)
DA:1,1
DA:11,0
DA:12,0
DA:14,0
DA:21,0
DA:22,0
DA:24,0
DA:30,0
DA:32,0
DA:42,5
DA:43,5
DA:44,5
DA:46,5
DA:55,5
DA:56,0
DA:57,5
DA:58,4
DA:64,4
DA:66,1
DA:68,5
DA:78,4
DA:79,4
DA:82,4
DA:91,4
DA:92,0
DA:94,62
DA:100,4
DA:102,4
DA:112,0
DA:113,0
DA:114,0
DA:116,0
DA:127,0
DA:128,0
DA:130,0
DA:136,0
DA:138,0
DA:145,1
LF:38
LH:19
BRDA:21,0,0,0
BRDA:21,0,1,0
BRDA:28,1,0,0
BRDA:28,1,1,0
BRDA:55,2,0,0
BRDA:55,2,1,5
BRDA:57,3,0,4
BRDA:57,3,1,1
BRDA:62,4,0,0
BRDA:62,4,1,4
BRDA:91,5,0,0
BRDA:91,5,1,4
BRDA:98,6,0,0
BRDA:98,6,1,62
BRDA:127,7,0,0
BRDA:127,7,1,0
BRDA:134,8,0,0
BRDA:134,8,1,0
BRF:18
BRH:6
end_of_record
TN:
SF:src\database\days.js
FN:10,(anonymous_0)
FN:11,(anonymous_1)
FN:20,(anonymous_2)
FN:24,(anonymous_3)
FN:43,(anonymous_4)
FN:44,(anonymous_5)
FN:55,(anonymous_6)
FN:59,(anonymous_7)
FN:78,(anonymous_8)
FN:79,(anonymous_9)
FN:91,(anonymous_10)
FN:95,(anonymous_11)
FN:114,(anonymous_12)
FN:115,(anonymous_13)
FN:128,(anonymous_14)
FN:132,(anonymous_15)
FNF:16
FNH:0
FNDA:0,(anonymous_0)
FNDA:0,(anonymous_1)
FNDA:0,(anonymous_2)
FNDA:0,(anonymous_3)
FNDA:0,(anonymous_4)
FNDA:0,(anonymous_5)
FNDA:0,(anonymous_6)
FNDA:0,(anonymous_7)
FNDA:0,(anonymous_8)
FNDA:0,(anonymous_9)
FNDA:0,(anonymous_10)
FNDA:0,(anonymous_11)
FNDA:0,(anonymous_12)
FNDA:0,(anonymous_13)
FNDA:0,(anonymous_14)
FNDA:0,(anonymous_15)
DA:1,0
DA:11,0
DA:12,0
DA:14,0
DA:21,0
DA:22,0
DA:24,0
DA:32,0
DA:34,0
DA:44,0
DA:45,0
DA:46,0
DA:48,0
DA:56,0
DA:57,0
DA:59,0
DA:67,0
DA:69,0
DA:79,0
DA:80,0
DA:83,0
DA:92,0
DA:93,0
DA:95,0
DA:103,0
DA:105,0
DA:115,0
DA:116,0
DA:117,0
DA:119,0
DA:129,0
DA:130,0
DA:132,0
DA:140,0
DA:142,0
DA:149,0
LF:36
LH:0
BRDA:21,0,0,0
BRDA:21,0,1,0
BRDA:56,1,0,0
BRDA:56,1,1,0
BRDA:92,2,0,0
BRDA:92,2,1,0
BRDA:129,3,0,0
BRDA:129,3,1,0
BRF:8
BRH:0
end_of_record
TN:
SF:src\database\herbs.js
FN:10,(anonymous_0)
FN:11,(anonymous_1)
FN:20,(anonymous_2)
FN:25,(anonymous_3)
FN:42,(anonymous_4)
FN:43,(anonymous_5)
FN:55,(anonymous_6)
FN:78,(anonymous_7)
FN:79,(anonymous_8)
FN:92,(anonymous_9)
FN:103,(anonymous_10)
FN:107,(anonymous_11)
FN:121,(anonymous_12)
FN:138,(anonymous_13)
FN:139,(anonymous_14)
FN:153,(anonymous_15)
FN:157,(anonymous_16)
FNF:17
FNH:8
FNDA:0,(anonymous_0)
FNDA:0,(anonymous_1)
FNDA:0,(anonymous_2)
FNDA:0,(anonymous_3)
FNDA:5,(anonymous_4)
FNDA:5,(anonymous_5)
FNDA:5,(anonymous_6)
FNDA:4,(anonymous_7)
FNDA:4,(anonymous_8)
FNDA:4,(anonymous_9)
FNDA:4,(anonymous_10)
FNDA:417,(anonymous_11)
FNDA:0,(anonymous_12)
FNDA:0,(anonymous_13)
FNDA:0,(anonymous_14)
FNDA:0,(anonymous_15)
FNDA:0,(anonymous_16)
DA:1,1
DA:11,0
DA:12,0
DA:14,0
DA:21,0
DA:22,0
DA:25,0
DA:31,0
DA:33,0
DA:43,5
DA:44,5
DA:45,5
DA:47,5
DA:56,5
DA:57,0
DA:58,5
DA:59,4
DA:65,4
DA:67,1
DA:69,5
DA:79,4
DA:80,4
DA:83,4
DA:93,4
DA:95,4
DA:104,4
DA:105,0
DA:107,417
DA:115,4
DA:117,4
DA:121,0
DA:127,0
DA:128,0
DA:139,0
DA:140,0
DA:141,0
DA:143,0
DA:154,0
DA:155,0
DA:157,0
DA:163,0
DA:165,0
DA:172,1
LF:43
LH:21
BRDA:21,0,0,0
BRDA:21,0,1,0
BRDA:29,1,0,0
BRDA:29,1,1,0
BRDA:56,2,0,0
BRDA:56,2,1,5
BRDA:58,3,0,4
BRDA:58,3,1,1
BRDA:63,4,0,3
BRDA:63,4,1,1
BRDA:93,5,0,4
BRDA:93,5,1,0
BRDA:104,6,0,0
BRDA:104,6,1,4
BRDA:111,7,0,244
BRDA:111,7,1,173
BRDA:125,8,0,0
BRDA:125,8,1,0
BRDA:154,9,0,0
BRDA:154,9,1,0
BRDA:161,10,0,0
BRDA:161,10,1,0
BRF:22
BRH:9
end_of_record
TN:
SF:src\database\metals.js
FN:10,(anonymous_0)
FN:11,(anonymous_1)
FN:20,(anonymous_2)
FN:24,(anonymous_3)
FN:40,(anonymous_4)
FN:41,(anonymous_5)
FN:52,(anonymous_6)
FN:74,(anonymous_7)
FN:75,(anonymous_8)
FN:87,(anonymous_9)
FN:91,(anonymous_10)
FN:107,(anonymous_11)
FN:108,(anonymous_12)
FN:121,(anonymous_13)
FN:125,(anonymous_14)
FNF:15
FNH:0
FNDA:0,(anonymous_0)
FNDA:0,(anonymous_1)
FNDA:0,(anonymous_2)
FNDA:0,(anonymous_3)
FNDA:0,(anonymous_4)
FNDA:0,(anonymous_5)
FNDA:0,(anonymous_6)
FNDA:0,(anonymous_7)
FNDA:0,(anonymous_8)
FNDA:0,(anonymous_9)
FNDA:0,(anonymous_10)
FNDA:0,(anonymous_11)
FNDA:0,(anonymous_12)
FNDA:0,(anonymous_13)
FNDA:0,(anonymous_14)
DA:1,0
DA:11,0
DA:12,0
DA:14,0
DA:21,0
DA:22,0
DA:24,0
DA:29,0
DA:31,0
DA:41,0
DA:42,0
DA:43,0
DA:45,0
DA:53,0
DA:54,0
DA:55,0
DA:56,0
DA:61,0
DA:63,0
DA:65,0
DA:75,0
DA:76,0
DA:79,0
DA:88,0
DA:89,0
DA:91,0
DA:96,0
DA:98,0
DA:108,0
DA:109,0
DA:110,0
DA:112,0
DA:122,0
DA:123,0
DA:125,0
DA:130,0
DA:132,0
DA:139,0
LF:38
LH:0
BRDA:21,0,0,0
BRDA:21,0,1,0
BRDA:53,1,0,0
BRDA:53,1,1,0
BRDA:55,2,0,0
BRDA:55,2,1,0
BRDA:88,3,0,0
BRDA:88,3,1,0
BRDA:122,4,0,0
BRDA:122,4,1,0
BRF:10
BRH:0
end_of_record
TN:
SF:src\database\migrate.js
FN:8,migrateAllData
FN:38,(anonymous_1)
FN:39,(anonymous_2)
FN:128,(anonymous_3)
FN:147,verifyMigration
FN:161,(anonymous_5)
FN:162,(anonymous_6)
FN:180,(anonymous_7)
FN:181,(anonymous_8)
FNF:9
FNH:0
FNDA:0,migrateAllData
FNDA:0,(anonymous_1)
FNDA:0,(anonymous_2)
FNDA:0,(anonymous_3)
FNDA:0,verifyMigration
FNDA:0,(anonymous_5)
FNDA:0,(anonymous_6)
FNDA:0,(anonymous_7)
FNDA:0,(anonymous_8)
DA:1,4
DA:2,4
DA:3,4
DA:9,0
DA:10,0
DA:13,0
DA:15,0
DA:19,0
DA:20,0
DA:21,0
DA:22,0
DA:23,0
DA:24,0
DA:26,0
DA:27,0
DA:28,0
DA:29,0
DA:30,0
DA:31,0
DA:32,0
DA:34,0
DA:37,0
DA:38,0
DA:39,0
DA:40,0
DA:41,0
DA:42,0
DA:43,0
DA:44,0
DA:45,0
DA:46,0
DA:49,0
DA:52,0
DA:55,0
DA:58,0
DA:61,0
DA:64,0
DA:68,0
DA:69,0
DA:70,0
DA:73,0
DA:74,0
DA:76,0
DA:77,0
DA:79,0
DA:80,0
DA:81,0
DA:84,0
DA:85,0
DA:87,0
DA:88,0
DA:90,0
DA:91,0
DA:92,0
DA:93,0
DA:95,0
DA:96,0
DA:98,0
DA:99,0
DA:100,0
DA:101,0
DA:103,0
DA:104,0
DA:106,0
DA:107,0
DA:108,0
DA:109,0
DA:111,0
DA:112,0
DA:114,0
DA:115,0
DA:116,0
DA:123,0
DA:125,0
DA:126,0
DA:128,0
DA:129,0
DA:130,0
DA:136,0
DA:138,0
DA:139,0
DA:140,0
DA:148,0
DA:150,0
DA:159,0
DA:161,0
DA:162,0
DA:163,0
DA:164,0
DA:166,0
DA:169,0
DA:170,0
DA:171,0
DA:172,0
DA:179,4
DA:180,0
DA:181,0
DA:182,0
DA:187,4
LF:99
LH:5
BRDA:70,0,0,0
BRDA:70,0,1,0
BRDA:81,1,0,0
BRDA:81,1,1,0
BRDA:119,2,0,0
BRDA:119,2,1,0
BRDA:120,3,0,0
BRDA:120,3,1,0
BRDA:121,4,0,0
BRDA:121,4,1,0
BRDA:129,5,0,0
BRDA:129,5,1,0
BRDA:163,6,0,0
BRDA:163,6,1,0
BRDA:170,7,0,0
BRDA:170,7,1,0
BRDA:179,8,0,0
BRDA:179,8,1,4
BRF:18
BRH:1
end_of_record
TN:
SF:src\database\migrator.js
FN:8,(anonymous_0)
FN:50,(anonymous_1)
FN:51,(anonymous_2)
FN:69,(anonymous_3)
FN:70,(anonymous_4)
FN:88,(anonymous_5)
FN:95,(anonymous_6)
FN:96,(anonymous_7)
FN:113,(anonymous_8)
FN:120,(anonymous_9)
FN:121,(anonymous_10)
FN:136,(anonymous_11)
FN:151,(anonymous_12)
FN:152,(anonymous_13)
FN:174,(anonymous_14)
FN:175,(anonymous_15)
FNF:16
FNH:5
FNDA:13,(anonymous_0)
FNDA:13,(anonymous_1)
FNDA:13,(anonymous_2)
FNDA:78,(anonymous_3)
FNDA:78,(anonymous_4)
FNDA:0,(anonymous_5)
FNDA:0,(anonymous_6)
FNDA:0,(anonymous_7)
FNDA:0,(anonymous_8)
FNDA:0,(anonymous_9)
FNDA:0,(anonymous_10)
FNDA:0,(anonymous_11)
FNDA:0,(anonymous_12)
FNDA:0,(anonymous_13)
FNDA:0,(anonymous_14)
FNDA:0,(anonymous_15)
DA:1,4
DA:2,4
DA:3,4
DA:4,4
DA:5,4
DA:9,13
DA:11,13
DA:12,0
DA:13,0
DA:14,0
DA:15,0
DA:17,0
DA:18,0
DA:19,0
DA:21,0
DA:25,13
DA:26,13
DA:27,0
DA:28,0
DA:29,0
DA:30,0
DA:34,0
DA:35,0
DA:36,0
DA:38,0
DA:41,13
DA:43,0
DA:44,0
DA:45,0
DA:46,0
DA:51,13
DA:52,13
DA:53,13
DA:54,13
DA:57,13
DA:66,13
DA:67,13
DA:69,13
DA:70,78
DA:71,78
DA:72,0
DA:75,78
DA:76,78
DA:77,13
DA:78,13
DA:83,0
DA:89,0
DA:91,0
DA:93,0
DA:94,0
DA:95,0
DA:96,0
DA:98,0
DA:99,0
DA:100,0
DA:103,0
DA:104,0
DA:107,0
DA:108,0
DA:109,0
DA:114,0
DA:116,0
DA:118,0
DA:119,0
DA:120,0
DA:121,0
DA:123,0
DA:124,0
DA:127,0
DA:128,0
DA:131,0
DA:132,0
DA:137,0
DA:138,0
DA:139,0
DA:140,0
DA:143,0
DA:144,0
DA:146,0
DA:147,0
DA:152,0
DA:153,0
DA:154,0
DA:155,0
DA:156,0
DA:159,0
DA:160,0
DA:162,0
DA:163,0
DA:172,0
DA:174,0
DA:175,0
DA:176,0
DA:177,0
DA:179,0
DA:182,0
DA:183,0
DA:184,0
DA:185,0
DA:190,0
DA:196,4
LF:101
LH:25
BRDA:8,0,0,0
BRDA:8,1,0,0
BRDA:11,2,0,0
BRDA:11,2,1,13
BRDA:12,3,0,0
BRDA:12,3,1,0
BRDA:14,4,0,0
BRDA:14,4,1,0
BRDA:17,5,0,0
BRDA:17,5,1,0
BRDA:18,6,0,0
BRDA:18,6,1,0
BRDA:26,7,0,0
BRDA:26,7,1,13
BRDA:27,8,0,0
BRDA:27,8,1,0
BRDA:29,9,0,0
BRDA:29,9,1,0
BRDA:34,10,0,0
BRDA:34,10,1,0
BRDA:35,11,0,0
BRDA:35,11,1,0
BRDA:45,12,0,0
BRDA:45,12,1,0
BRDA:71,13,0,0
BRDA:71,13,1,78
BRDA:71,14,0,78
BRDA:71,14,1,78
BRDA:71,14,2,78
BRDA:76,15,0,13
BRDA:76,15,1,65
BRDA:88,16,0,0
BRDA:89,17,0,0
BRDA:89,17,1,0
BRDA:91,18,0,0
BRDA:91,18,1,0
BRDA:113,19,0,0
BRDA:114,20,0,0
BRDA:114,20,1,0
BRDA:116,21,0,0
BRDA:116,21,1,0
BRDA:138,22,0,0
BRDA:138,22,1,0
BRDA:154,23,0,0
BRDA:154,23,1,0
BRDA:176,24,0,0
BRDA:176,24,1,0
BRDA:176,25,0,0
BRDA:176,25,1,0
BRDA:183,26,0,0
BRDA:183,26,1,0
BRF:51
BRH:8
end_of_record
TN:
SF:src\database\moon.js
FN:10,(anonymous_0)
FN:11,(anonymous_1)
FN:20,(anonymous_2)
FN:24,(anonymous_3)
FN:40,(anonymous_4)
FN:41,(anonymous_5)
FN:53,(anonymous_6)
FN:75,(anonymous_7)
FN:76,(anonymous_8)
FN:89,(anonymous_9)
FN:100,(anonymous_10)
FN:105,(anonymous_11)
FN:116,(anonymous_12)
FN:131,(anonymous_13)
FN:132,(anonymous_14)
FN:145,(anonymous_15)
FN:149,(anonymous_16)
FNF:17
FNH:8
FNDA:0,(anonymous_0)
FNDA:0,(anonymous_1)
FNDA:0,(anonymous_2)
FNDA:0,(anonymous_3)
FNDA:5,(anonymous_4)
FNDA:5,(anonymous_5)
FNDA:5,(anonymous_6)
FNDA:3,(anonymous_7)
FNDA:3,(anonymous_8)
FNDA:3,(anonymous_9)
FNDA:3,(anonymous_10)
FNDA:5,(anonymous_11)
FNDA:0,(anonymous_12)
FNDA:0,(anonymous_13)
FNDA:0,(anonymous_14)
FNDA:0,(anonymous_15)
FNDA:0,(anonymous_16)
DA:1,1
DA:11,0
DA:12,0
DA:14,0
DA:21,0
DA:22,0
DA:24,0
DA:29,0
DA:31,0
DA:41,5
DA:42,5
DA:43,5
DA:45,5
DA:54,5
DA:55,0
DA:56,5
DA:57,4
DA:62,4
DA:64,1
DA:66,5
DA:76,3
DA:77,3
DA:80,3
DA:90,3
DA:92,3
DA:101,3
DA:102,3
DA:103,0
DA:105,5
DA:110,3
DA:115,0
DA:116,0
DA:121,0
DA:132,0
DA:133,0
DA:134,0
DA:136,0
DA:146,0
DA:147,0
DA:149,0
DA:154,0
DA:156,0
DA:163,1
LF:43
LH:21
BRDA:21,0,0,0
BRDA:21,0,1,0
BRDA:54,1,0,0
BRDA:54,1,1,5
BRDA:56,2,0,4
BRDA:56,2,1,1
BRDA:90,3,0,3
BRDA:90,3,1,0
BRDA:90,4,0,3
BRDA:90,4,1,3
BRDA:90,4,2,3
BRDA:102,5,0,0
BRDA:102,5,1,3
BRDA:146,6,0,0
BRDA:146,6,1,0
BRF:15
BRH:8
end_of_record
TN:
SF:src\database\setup.js
FN:4,getDatabaseMode
FN:11,initializeDatabase
FN:12,(anonymous_2)
FN:14,(anonymous_3)
FN:153,(anonymous_4)
FN:155,(anonymous_5)
FN:160,(anonymous_6)
FN:165,(anonymous_7)
FN:170,(anonymous_8)
FN:176,(anonymous_9)
FN:181,(anonymous_10)
FN:195,(anonymous_11)
FN:207,(anonymous_12)
FN:223,getDatabase
FN:225,(anonymous_14)
FNF:15
FNH:3
FNDA:35,getDatabaseMode
FNDA:0,initializeDatabase
FNDA:0,(anonymous_2)
FNDA:0,(anonymous_3)
FNDA:0,(anonymous_4)
FNDA:0,(anonymous_5)
FNDA:0,(anonymous_6)
FNDA:0,(anonymous_7)
FNDA:0,(anonymous_8)
FNDA:0,(anonymous_9)
FNDA:0,(anonymous_10)
FNDA:0,(anonymous_11)
FNDA:0,(anonymous_12)
FNDA:35,getDatabase
FNDA:35,(anonymous_14)
DA:1,4
DA:2,4
DA:5,35
DA:12,0
DA:13,0
DA:14,0
DA:15,0
DA:16,0
DA:17,0
DA:18,0
DA:20,0
DA:24,0
DA:35,0
DA:46,0
DA:56,0
DA:66,0
DA:76,0
DA:90,0
DA:91,0
DA:92,0
DA:93,0
DA:94,0
DA:95,0
DA:98,0
DA:110,0
DA:117,0
DA:124,0
DA:131,0
DA:138,0
DA:145,0
DA:153,0
DA:155,0
DA:156,0
DA:157,0
DA:160,0
DA:161,0
DA:162,0
DA:165,0
DA:166,0
DA:167,0
DA:170,0
DA:171,0
DA:172,0
DA:173,0
DA:176,0
DA:177,0
DA:178,0
DA:181,0
DA:182,0
DA:183,0
DA:187,0
DA:188,0
DA:189,0
DA:190,0
DA:191,0
DA:192,0
DA:195,0
DA:196,0
DA:197,0
DA:200,0
DA:201,0
DA:202,0
DA:203,0
DA:204,0
DA:205,0
DA:207,0
DA:208,0
DA:209,0
DA:210,0
DA:211,0
DA:213,0
DA:214,0
DA:224,35
DA:225,35
DA:226,35
DA:227,0
DA:232,4
LF:77
LH:7
BRDA:15,0,0,0
BRDA:15,0,1,0
BRDA:156,1,0,0
BRDA:156,1,1,0
BRDA:161,2,0,0
BRDA:161,2,1,0
BRDA:166,3,0,0
BRDA:166,3,1,0
BRDA:171,4,0,0
BRDA:171,4,1,0
BRDA:177,5,0,0
BRDA:177,5,1,0
BRDA:182,6,0,0
BRDA:182,6,1,0
BRDA:196,7,0,0
BRDA:196,7,1,0
BRDA:208,8,0,0
BRDA:208,8,1,0
BRDA:226,9,0,0
BRDA:226,9,1,35
BRF:20
BRH:1
end_of_record
TN:
SF:src\search\colors.js
FN:4,findColorByName
FN:21,findColorsByMeaning
FN:38,getColorSuggestions
FN:48,findColorByNameSync
FN:51,(anonymous_4)
FN:56,findColorsByMeaningSync
FN:59,(anonymous_6)
FNF:7
FNH:2
FNDA:5,findColorByName
FNDA:4,findColorsByMeaning
FNDA:0,getColorSuggestions
FNDA:0,findColorByNameSync
FNDA:0,(anonymous_4)
FNDA:0,findColorsByMeaningSync
FNDA:0,(anonymous_6)
DA:1,1
DA:5,5
DA:6,5
DA:8,0
DA:13,0
DA:14,0
DA:16,0
DA:22,4
DA:23,4
DA:25,0
DA:30,0
DA:31,0
DA:33,0
DA:39,0
DA:40,0
DA:42,0
DA:43,0
DA:49,0
DA:51,0
DA:52,0
DA:57,0
DA:59,0
DA:60,0
DA:66,1
LF:24
LH:6
BRDA:13,0,0,0
BRDA:13,0,1,0
BRDA:13,1,0,0
BRDA:13,1,1,0
BRDA:30,2,0,0
BRDA:30,2,1,0
BRDA:30,3,0,0
BRDA:30,3,1,0
BRDA:61,4,0,0
BRDA:61,4,1,0
BRF:10
BRH:0
end_of_record
TN:
SF:src\search\crystals.js
FN:4,findCrystalByName
FN:17,findCrystalsByProperty
FN:30,getCrystalSuggestions
FN:40,findCrystalByNameSync
FN:43,(anonymous_4)
FN:52,(anonymous_5)
FN:60,findCrystalsByPropertySync
FN:63,(anonymous_7)
FNF:8
FNH:2
FNDA:5,findCrystalByName
FNDA:4,findCrystalsByProperty
FNDA:0,getCrystalSuggestions
FNDA:0,findCrystalByNameSync
FNDA:0,(anonymous_4)
FNDA:0,(anonymous_5)
FNDA:0,findCrystalsByPropertySync
FNDA:0,(anonymous_7)
DA:1,1
DA:5,5
DA:6,5
DA:8,0
DA:12,0
DA:18,4
DA:19,4
DA:21,0
DA:25,0
DA:31,0
DA:32,0
DA:34,0
DA:35,0
DA:41,0
DA:43,0
DA:45,0
DA:46,0
DA:50,0
DA:51,0
DA:52,0
DA:56,0
DA:61,0
DA:63,0
DA:64,0
DA:71,1
LF:25
LH:6
BRDA:45,0,0,0
BRDA:45,0,1,0
BRDA:50,1,0,0
BRDA:50,1,1,0
BRDA:50,2,0,0
BRDA:50,2,1,0
BRDA:65,3,0,0
BRDA:65,3,1,0
BRF:8
BRH:0
end_of_record
TN:
SF:src\search\days.js
FN:4,findDayByName
FN:17,findDaysByIntent
FN:30,findDayByNameSync
FN:33,(anonymous_3)
FN:38,findDaysByIntentSync
FN:41,(anonymous_5)
FNF:6
FNH:0
FNDA:0,findDayByName
FNDA:0,findDaysByIntent
FNDA:0,findDayByNameSync
FNDA:0,(anonymous_3)
FNDA:0,findDaysByIntentSync
FNDA:0,(anonymous_5)
DA:1,0
DA:5,0
DA:6,0
DA:8,0
DA:12,0
DA:18,0
DA:19,0
DA:21,0
DA:25,0
DA:31,0
DA:33,0
DA:34,0
DA:39,0
DA:41,0
DA:42,0
DA:46,0
LF:16
LH:0
BRDA:34,0,0,0
BRDA:34,0,1,0
BRDA:42,1,0,0
BRDA:42,1,1,0
BRF:4
BRH:0
end_of_record
TN:
SF:src\search\herbs.js
FN:5,findHerbByName
FN:24,findHerbsByUse
FN:42,getHerbSuggestions
FN:56,findHerbByNameSync
FN:59,(anonymous_4)
FN:68,(anonymous_5)
FN:76,findHerbsByUseSync
FN:79,(anonymous_7)
FNF:8
FNH:2
FNDA:5,findHerbByName
FNDA:4,findHerbsByUse
FNDA:0,getHerbSuggestions
FNDA:0,findHerbByNameSync
FNDA:0,(anonymous_4)
FNDA:0,(anonymous_5)
FNDA:0,findHerbsByUseSync
FNDA:0,(anonymous_7)
DA:1,1
DA:2,1
DA:6,5
DA:10,5
DA:12,5
DA:14,0
DA:19,0
DA:25,4
DA:28,4
DA:30,4
DA:32,0
DA:37,0
DA:43,0
DA:46,0
DA:48,0
DA:50,0
DA:51,0
DA:57,0
DA:59,0
DA:61,0
DA:62,0
DA:66,0
DA:67,0
DA:68,0
DA:72,0
DA:77,0
DA:79,0
DA:80,0
DA:86,1
LF:29
LH:9
BRDA:61,0,0,0
BRDA:61,0,1,0
BRDA:66,1,0,0
BRDA:66,1,1,0
BRDA:66,2,0,0
BRDA:66,2,1,0
BRDA:81,3,0,0
BRDA:81,3,1,0
BRF:8
BRH:0
end_of_record
TN:
SF:src\search\metals.js
FN:4,findMetalByName
FN:17,findMetalsByProperty
FN:30,findMetalByNameSync
FN:33,(anonymous_3)
FN:38,findMetalsByPropertySync
FN:41,(anonymous_5)
FNF:6
FNH:0
FNDA:0,findMetalByName
FNDA:0,findMetalsByProperty
FNDA:0,findMetalByNameSync
FNDA:0,(anonymous_3)
FNDA:0,findMetalsByPropertySync
FNDA:0,(anonymous_5)
DA:1,0
DA:5,0
DA:6,0
DA:8,0
DA:12,0
DA:18,0
DA:19,0
DA:21,0
DA:25,0
DA:31,0
DA:33,0
DA:34,0
DA:39,0
DA:41,0
DA:42,0
DA:49,0
LF:16
LH:0
BRDA:43,0,0,0
BRDA:43,0,1,0
BRF:2
BRH:0
end_of_record
TN:
SF:src\search\moon.js
FN:4,findMoonPhaseByName
FN:21,findMoonPhasesByMeaning
FN:38,getMoonPhaseSuggestions
FN:48,findMoonPhaseByNameSync
FN:51,(anonymous_4)
FN:80,findMoonPhasesByMeaningSync
FN:83,(anonymous_6)
FNF:7
FNH:2
FNDA:5,findMoonPhaseByName
FNDA:3,findMoonPhasesByMeaning
FNDA:0,getMoonPhaseSuggestions
FNDA:0,findMoonPhaseByNameSync
FNDA:0,(anonymous_4)
FNDA:0,findMoonPhasesByMeaningSync
FNDA:0,(anonymous_6)
DA:1,1
DA:5,5
DA:6,5
DA:8,0
DA:13,0
DA:14,0
DA:16,0
DA:22,3
DA:23,3
DA:25,0
DA:30,0
DA:31,0
DA:33,0
DA:39,0
DA:40,0
DA:42,0
DA:43,0
DA:49,0
DA:51,0
DA:52,0
DA:55,0
DA:56,0
DA:60,0
DA:61,0
DA:63,0
DA:64,0
DA:66,0
DA:67,0
DA:69,0
DA:70,0
DA:72,0
DA:73,0
DA:76,0
DA:81,0
DA:83,0
DA:84,0
DA:90,1
LF:37
LH:6
BRDA:13,0,0,0
BRDA:13,0,1,0
BRDA:13,1,0,0
BRDA:13,1,1,0
BRDA:30,2,0,0
BRDA:30,2,1,0
BRDA:30,3,0,0
BRDA:30,3,1,0
BRDA:55,4,0,0
BRDA:55,4,1,0
BRDA:60,5,0,0
BRDA:60,5,1,0
BRDA:60,6,0,0
BRDA:60,6,1,0
BRDA:63,7,0,0
BRDA:63,7,1,0
BRDA:63,8,0,0
BRDA:63,8,1,0
BRDA:66,9,0,0
BRDA:66,9,1,0
BRDA:66,10,0,0
BRDA:66,10,1,0
BRDA:69,11,0,0
BRDA:69,11,1,0
BRDA:69,12,0,0
BRDA:69,12,1,0
BRDA:72,13,0,0
BRDA:72,13,1,0
BRDA:72,14,0,0
BRDA:72,14,1,0
BRDA:85,15,0,0
BRDA:85,15,1,0
BRF:32
BRH:0
end_of_record
TN:
SF:src\ui\display.js
FN:2,showUsage
FNF:1
FNH:0
FNDA:0,showUsage
DA:3,0
DA:6,0
DA:8,0
DA:9,0
DA:10,0
DA:13,0
DA:14,0
DA:15,0
DA:18,0
DA:22,0
DA:23,0
DA:24,0
DA:26,0
DA:27,0
DA:28,0
DA:29,0
DA:30,0
DA:33,0
LF:18
LH:0
BRF:0
BRH:0
end_of_record
TN:
SF:src\utils\getColorCode.js
FN:2,getColorCode
FNF:1
FNH:0
FNDA:0,getColorCode
DA:3,0
DA:27,0
DA:28,0
DA:31,0
LF:4
LH:0
BRDA:28,0,0,0
BRDA:28,0,1,0
BRF:2
BRH:0
end_of_record
TN:
SF:src\utils\getMoonPhaseEmoji.js
FN:1,getMoonPhaseEmoji
FNF:1
FNH:0
FNDA:0,getMoonPhaseEmoji
DA:2,0
DA:4,0
DA:5,0
DA:6,0
DA:7,0
DA:8,0
DA:9,0
DA:10,0
DA:11,0
DA:12,0
DA:13,0
DA:15,0
DA:19,0
LF:13
LH:0
BRDA:4,0,0,0
BRDA:4,0,1,0
BRDA:6,1,0,0
BRDA:6,1,1,0
BRDA:8,2,0,0
BRDA:8,2,1,0
BRDA:10,3,0,0
BRDA:10,3,1,0
BRDA:12,4,0,0
BRDA:12,4,1,0
BRF:10
BRH:0
end_of_record
TN:
SF:src\utils\suggestUseSearch.js
FN:10,suggestUseSearch
FNF:1
FNH:0
FNDA:0,suggestUseSearch
DA:2,0
DA:3,0
DA:4,0
DA:5,0
DA:6,0
DA:7,0
DA:11,0
DA:13,0
DA:15,0
DA:16,0
DA:17,0
DA:19,0
DA:21,0
DA:22,0
DA:23,0
DA:25,0
DA:27,0
DA:28,0
DA:29,0
DA:31,0
DA:33,0
DA:34,0
DA:35,0
DA:37,0
DA:39,0
DA:40,0
DA:41,0
DA:43,0
DA:45,0
DA:46,0
DA:47,0
DA:49,0
DA:52,0
DA:55,0
LF:34
LH:0
BRDA:13,0,0,0
BRDA:13,0,1,0
BRDA:13,0,2,0
BRDA:13,0,3,0
BRDA:13,0,4,0
BRDA:13,0,5,0
BRDA:16,1,0,0
BRDA:16,1,1,0
BRDA:22,2,0,0
BRDA:22,2,1,0
BRDA:28,3,0,0
BRDA:28,3,1,0
BRDA:34,4,0,0
BRDA:34,4,1,0
BRDA:40,5,0,0
BRDA:40,5,1,0
BRDA:46,6,0,0
BRDA:46,6,1,0
BRF:18
BRH:0
end_of_record
TN:
SF:src\utils\text.js
FN:2,highlightText
FN:14,escapeRegex
FNF:2
FNH:0
FNDA:0,highlightText
FNDA:0,escapeRegex
DA:3,0
DA:5,0
DA:6,0
DA:7,0
DA:9,0
DA:15,0
DA:18,0
LF:7
LH:0
BRDA:2,0,0,0
BRDA:3,1,0,0
BRDA:3,1,1,0
BRDA:3,2,0,0
BRDA:3,2,1,0
BRDA:6,3,0,0
BRDA:6,3,1,0
BRF:7
BRH:0
end_of_record
